[0.011s] Invoking command in '/home/dingo/Programming/BranchForge/build/branchforge': DEBUGINFOD_URLS=https://debuginfod.ubuntu.com /usr/bin/cmake --build /home/dingo/Programming/BranchForge/build/branchforge -- -j12 -l12
[0.151s] -- Configuring done (0.1s)
[0.185s] -- Generating done (0.0s)
[0.195s] -- Build files have been written to: /home/dingo/Programming/BranchForge/build/branchforge
[0.228s] [  2%] Built target branchforge_enhanced_qmlimportscan
[0.228s] [  2%] Built target branchforge_test_lib_autogen_timestamp_deps
[0.248s] [  2%] Built target branchforge_enhanced_autogen_timestamp_deps
[0.252s] [  5%] Built target branchforge_test_lib_autogen
[0.289s] [ 42%] Built target branchforge_test_lib
[0.311s] [ 42%] Built target test_behavior_tree_xml_autogen_timestamp_deps
[0.331s] [ 44%] Automatic MOC and UIC for target test_behavior_tree_xml
[0.334s] [ 47%] Built target branchforge_enhanced_autogen
[0.358s] [ 47%] Built target test_behavior_tree_xml_autogen
[0.383s] [ 55%] Built target test_behavior_tree_xml
[0.391s] [100%] Built target branchforge_enhanced
[0.402s] Invoked command in '/home/dingo/Programming/BranchForge/build/branchforge' returned '0': DEBUGINFOD_URLS=https://debuginfod.ubuntu.com /usr/bin/cmake --build /home/dingo/Programming/BranchForge/build/branchforge -- -j12 -l12
[0.411s] Invoking command in '/home/dingo/Programming/BranchForge/build/branchforge': DEBUGINFOD_URLS=https://debuginfod.ubuntu.com /usr/bin/cmake --install /home/dingo/Programming/BranchForge/build/branchforge
[0.417s] -- Install configuration: ""
[0.418s] -- Installing: /home/dingo/Programming/BranchForge/install/branchforge/bin/branchforge_enhanced
[0.419s] -- Set non-toolchain portion of runtime path of "/home/dingo/Programming/BranchForge/install/branchforge/bin/branchforge_enhanced" to "$ORIGIN:$ORIGIN/../lib"
[0.420s] Invoked command in '/home/dingo/Programming/BranchForge/build/branchforge' returned '0': DEBUGINFOD_URLS=https://debuginfod.ubuntu.com /usr/bin/cmake --install /home/dingo/Programming/BranchForge/build/branchforge
