[  0%] Built target branchforge_enhanced_autogen_timestamp_deps
[ 12%] Automatic MOC and UIC for target branchforge_enhanced
[ 12%] Built target branchforge_enhanced_autogen
[ 50%] Building CXX object CMakeFiles/branchforge_enhanced.dir/src/visualization/SensorDataPipeline.cpp.o
[ 50%] Building CXX object CMakeFiles/branchforge_enhanced.dir/src/nodes/AdvancedNodeSystem.cpp.o
[ 50%] Building CXX object CMakeFiles/branchforge_enhanced.dir/src/recording/DataRecorder.cpp.o
In file included from /home/dingo/Programming/BranchForge/src/nodes/AdvancedNodeSystem.cpp:1:
/home/dingo/Programming/BranchForge/include/nodes/AdvancedNodeSystem.h: In constructor ‘BranchForge::Nodes::AdvancedNodeInstance::AdvancedNodeInstance(const BranchForge::Nodes::AdvancedNodeTemplate&, QObject*)’:
/home/dingo/Programming/BranchForge/include/nodes/AdvancedNodeSystem.h:193:26: warning: ‘BranchForge::Nodes::AdvancedNodeInstance::m_template’ will be initialized after [-Wreorder]
  193 |     AdvancedNodeTemplate m_template;
      |                          ^~~~~~~~~~
/home/dingo/Programming/BranchForge/include/nodes/AdvancedNodeSystem.h:190:13: warning:   ‘QString BranchForge::Nodes::AdvancedNodeInstance::m_id’ [-Wreorder]
  190 |     QString m_id;
      |             ^~~~
/home/dingo/Programming/BranchForge/src/nodes/AdvancedNodeSystem.cpp:306:1: warning:   when initialized here [-Wreorder]
  306 | AdvancedNodeInstance::AdvancedNodeInstance(const AdvancedNodeTemplate& template_, QObject* parent)
      | ^~~~~~~~~~~~~~~~~~~~
[ 62%] Linking CXX executable branchforge_enhanced
[100%] Built target branchforge_enhanced
-- Install configuration: ""
-- Installing: /home/dingo/Programming/BranchForge/install/branchforge/bin/branchforge_enhanced
-- Set non-toolchain portion of runtime path of "/home/dingo/Programming/BranchForge/install/branchforge/bin/branchforge_enhanced" to "$ORIGIN:$ORIGIN/../lib"
