[0.419s] DEBUG:colcon:Command line arguments: ['/usr/bin/colcon', 'build', '--packages-select', 'branchforge']
[0.419s] DEBUG:colcon:Parsed command line arguments: Namespace(log_base=None, log_level=None, verb_name='build', build_base='build', install_base='install', merge_install=False, symlink_install=False, test_result_base=None, continue_on_error=False, executor='parallel', parallel_workers=12, event_handlers=None, ignore_user_meta=False, metas=['./colcon.meta'], base_paths=['.'], packages_ignore=None, packages_ignore_regex=None, paths=None, packages_up_to=None, packages_up_to_regex=None, packages_above=None, packages_above_and_dependencies=None, packages_above_depth=None, packages_select_by_dep=None, packages_skip_by_dep=None, packages_skip_up_to=None, packages_select_build_failed=False, packages_skip_build_finished=False, packages_select_test_failures=False, packages_skip_test_passed=False, packages_select=['branchforge'], packages_skip=None, packages_select_regex=None, packages_skip_regex=None, packages_start=None, packages_end=None, allow_overriding=[], cmake_args=None, cmake_target=None, cmake_target_skip_unavailable=False, cmake_clean_cache=False, cmake_clean_first=False, cmake_force_configure=False, ament_cmake_args=None, catkin_cmake_args=None, catkin_skip_building_tests=False, mixin_files=None, mixin=None, verb_parser=<colcon_mixin.mixin.mixin_argument.MixinArgumentDecorator object at 0x75f9af298e00>, verb_extension=<colcon_core.verb.build.BuildVerb object at 0x75f9af3af380>, main=<bound method BuildVerb.main of <colcon_core.verb.build.BuildVerb object at 0x75f9af3af380>>, mixin_verb=('build',))
[0.487s] Level 1:colcon.colcon_core.package_discovery:discover_packages(colcon_meta) check parameters
[0.487s] Level 1:colcon.colcon_core.package_discovery:discover_packages(recursive) check parameters
[0.488s] Level 1:colcon.colcon_core.package_discovery:discover_packages(ignore) check parameters
[0.488s] Level 1:colcon.colcon_core.package_discovery:discover_packages(path) check parameters
[0.488s] Level 1:colcon.colcon_core.package_discovery:discover_packages(colcon_meta) discover
[0.488s] Level 1:colcon.colcon_core.package_discovery:discover_packages(recursive) discover
[0.488s] INFO:colcon.colcon_core.package_discovery:Crawling recursively for packages in '/home/dingo/Programming/BranchForge'
[0.488s] Level 1:colcon.colcon_core.package_identification:_identify(.) by extensions ['ignore', 'ignore_ament_install']
[0.488s] Level 1:colcon.colcon_core.package_identification:_identify(.) by extension 'ignore'
[0.488s] Level 1:colcon.colcon_core.package_identification:_identify(.) by extension 'ignore_ament_install'
[0.488s] Level 1:colcon.colcon_core.package_identification:_identify(.) by extensions ['colcon_pkg']
[0.488s] Level 1:colcon.colcon_core.package_identification:_identify(.) by extension 'colcon_pkg'
[0.488s] Level 1:colcon.colcon_core.package_identification:_identify(.) by extensions ['colcon_meta']
[0.488s] Level 1:colcon.colcon_core.package_identification:_identify(.) by extension 'colcon_meta'
[0.488s] Level 1:colcon.colcon_core.package_identification:_identify(.) by extensions ['ros']
[0.488s] Level 1:colcon.colcon_core.package_identification:_identify(.) by extension 'ros'
[0.547s] DEBUG:colcon.colcon_core.package_identification:Package '.' with type 'ros.ament_cmake' and name 'branchforge'
[0.547s] Level 1:colcon.colcon_core.package_discovery:discover_packages(recursive) using defaults
[0.547s] Level 1:colcon.colcon_core.package_discovery:discover_packages(ignore) discover
[0.547s] Level 1:colcon.colcon_core.package_discovery:discover_packages(ignore) using defaults
[0.547s] Level 1:colcon.colcon_core.package_discovery:discover_packages(path) discover
[0.547s] Level 1:colcon.colcon_core.package_discovery:discover_packages(path) using defaults
[0.585s] Level 1:colcon.colcon_core.package_discovery:discover_packages(prefix_path) check parameters
[0.585s] Level 1:colcon.colcon_core.package_discovery:discover_packages(prefix_path) discover
[0.590s] Level 1:colcon.colcon_core.package_discovery:discover_packages(prefix_path) using defaults
[0.594s] Level 5:colcon.colcon_core.verb:set package 'branchforge' build argument 'cmake_args' from command line to 'None'
[0.594s] Level 5:colcon.colcon_core.verb:set package 'branchforge' build argument 'cmake_target' from command line to 'None'
[0.594s] Level 5:colcon.colcon_core.verb:set package 'branchforge' build argument 'cmake_target_skip_unavailable' from command line to 'False'
[0.594s] Level 5:colcon.colcon_core.verb:set package 'branchforge' build argument 'cmake_clean_cache' from command line to 'False'
[0.594s] Level 5:colcon.colcon_core.verb:set package 'branchforge' build argument 'cmake_clean_first' from command line to 'False'
[0.594s] Level 5:colcon.colcon_core.verb:set package 'branchforge' build argument 'cmake_force_configure' from command line to 'False'
[0.594s] Level 5:colcon.colcon_core.verb:set package 'branchforge' build argument 'ament_cmake_args' from command line to 'None'
[0.594s] Level 5:colcon.colcon_core.verb:set package 'branchforge' build argument 'catkin_cmake_args' from command line to 'None'
[0.595s] Level 5:colcon.colcon_core.verb:set package 'branchforge' build argument 'catkin_skip_building_tests' from command line to 'False'
[0.595s] DEBUG:colcon.colcon_core.verb:Building package 'branchforge' with the following arguments: {'ament_cmake_args': None, 'build_base': '/home/dingo/Programming/BranchForge/build/branchforge', 'catkin_cmake_args': None, 'catkin_skip_building_tests': False, 'cmake_args': None, 'cmake_clean_cache': False, 'cmake_clean_first': False, 'cmake_force_configure': False, 'cmake_target': None, 'cmake_target_skip_unavailable': False, 'install_base': '/home/dingo/Programming/BranchForge/install/branchforge', 'merge_install': False, 'path': '/home/dingo/Programming/BranchForge', 'symlink_install': False, 'test_result_base': None}
[0.595s] INFO:colcon.colcon_core.executor:Executing jobs using 'parallel' executor
[0.597s] DEBUG:colcon.colcon_parallel_executor.executor.parallel:run_until_complete
[0.597s] INFO:colcon.colcon_ros.task.ament_cmake.build:Building ROS package in '/home/dingo/Programming/BranchForge' with build type 'ament_cmake'
[0.597s] INFO:colcon.colcon_cmake.task.cmake.build:Building CMake package in '/home/dingo/Programming/BranchForge'
[0.606s] INFO:colcon.colcon_core.plugin_system:Skipping extension 'colcon_core.shell.bat': Not used on non-Windows systems
[0.606s] INFO:colcon.colcon_core.shell:Skip shell extension 'powershell' for command environment: Not usable outside of PowerShell
[0.606s] DEBUG:colcon.colcon_core.shell:Skip shell extension 'dsv' for command environment
[0.615s] DEBUG:colcon.colcon_core.event_handler.log_command:Invoking command in '/home/dingo/Programming/BranchForge/build/branchforge': DEBUGINFOD_URLS=https://debuginfod.ubuntu.com /usr/bin/cmake --build /home/dingo/Programming/BranchForge/build/branchforge -- -j12 -l12
[2.034s] DEBUG:colcon.colcon_core.event_handler.log_command:Invoked command in '/home/dingo/Programming/BranchForge/build/branchforge' returned '0': DEBUGINFOD_URLS=https://debuginfod.ubuntu.com /usr/bin/cmake --build /home/dingo/Programming/BranchForge/build/branchforge -- -j12 -l12
[2.049s] DEBUG:colcon.colcon_core.event_handler.log_command:Invoking command in '/home/dingo/Programming/BranchForge/build/branchforge': DEBUGINFOD_URLS=https://debuginfod.ubuntu.com /usr/bin/cmake --install /home/dingo/Programming/BranchForge/build/branchforge
[2.068s] Level 1:colcon.colcon_core.environment:create_environment_scripts_only(branchforge)
[2.069s] DEBUG:colcon.colcon_core.event_handler.log_command:Invoked command in '/home/dingo/Programming/BranchForge/build/branchforge' returned '0': DEBUGINFOD_URLS=https://debuginfod.ubuntu.com /usr/bin/cmake --install /home/dingo/Programming/BranchForge/build/branchforge
[2.081s] Level 1:colcon.colcon_core.environment:checking '/home/dingo/Programming/BranchForge/install/branchforge' for CMake module files
[2.082s] Level 1:colcon.colcon_core.environment:checking '/home/dingo/Programming/BranchForge/install/branchforge' for CMake config files
[2.083s] Level 1:colcon.colcon_core.environment:checking '/home/dingo/Programming/BranchForge/install/branchforge/bin'
[2.083s] Level 1:colcon.colcon_core.shell:create_environment_hook('branchforge', 'path')
[2.084s] INFO:colcon.colcon_core.shell:Creating environment hook '/home/dingo/Programming/BranchForge/install/branchforge/share/branchforge/hook/path.ps1'
[2.085s] INFO:colcon.colcon_core.shell:Creating environment descriptor '/home/dingo/Programming/BranchForge/install/branchforge/share/branchforge/hook/path.dsv'
[2.086s] INFO:colcon.colcon_core.shell:Creating environment hook '/home/dingo/Programming/BranchForge/install/branchforge/share/branchforge/hook/path.sh'
[2.088s] Level 1:colcon.colcon_core.environment:checking '/home/dingo/Programming/BranchForge/install/branchforge/lib/pkgconfig/branchforge.pc'
[2.093s] Level 1:colcon.colcon_core.environment:checking '/home/dingo/Programming/BranchForge/install/branchforge/lib/python3.12/site-packages'
[2.094s] Level 1:colcon.colcon_core.environment:checking '/home/dingo/Programming/BranchForge/install/branchforge/bin'
[2.094s] Level 1:colcon.colcon_core.shell:create_environment_hook('branchforge', 'pythonscriptspath')
[2.095s] INFO:colcon.colcon_core.shell:Creating environment hook '/home/dingo/Programming/BranchForge/install/branchforge/share/branchforge/hook/pythonscriptspath.ps1'
[2.097s] INFO:colcon.colcon_core.shell:Creating environment descriptor '/home/dingo/Programming/BranchForge/install/branchforge/share/branchforge/hook/pythonscriptspath.dsv'
[2.098s] INFO:colcon.colcon_core.shell:Creating environment hook '/home/dingo/Programming/BranchForge/install/branchforge/share/branchforge/hook/pythonscriptspath.sh'
[2.101s] INFO:colcon.colcon_core.shell:Creating package script '/home/dingo/Programming/BranchForge/install/branchforge/share/branchforge/package.ps1'
[2.105s] INFO:colcon.colcon_core.shell:Creating package descriptor '/home/dingo/Programming/BranchForge/install/branchforge/share/branchforge/package.dsv'
[2.107s] INFO:colcon.colcon_core.shell:Creating package script '/home/dingo/Programming/BranchForge/install/branchforge/share/branchforge/package.sh'
[2.109s] INFO:colcon.colcon_core.shell:Creating package script '/home/dingo/Programming/BranchForge/install/branchforge/share/branchforge/package.bash'
[2.111s] INFO:colcon.colcon_core.shell:Creating package script '/home/dingo/Programming/BranchForge/install/branchforge/share/branchforge/package.zsh'
[2.114s] Level 1:colcon.colcon_core.environment:create_file_with_runtime_dependencies(/home/dingo/Programming/BranchForge/install/branchforge/share/colcon-core/packages/branchforge)
[2.116s] Level 1:colcon.colcon_core.environment:create_environment_scripts_only(branchforge)
[2.116s] Level 1:colcon.colcon_core.environment:checking '/home/dingo/Programming/BranchForge/install/branchforge' for CMake module files
[2.118s] Level 1:colcon.colcon_core.environment:checking '/home/dingo/Programming/BranchForge/install/branchforge' for CMake config files
[2.119s] Level 1:colcon.colcon_core.environment:checking '/home/dingo/Programming/BranchForge/install/branchforge/bin'
[2.120s] Level 1:colcon.colcon_core.shell:create_environment_hook('branchforge', 'path')
[2.121s] INFO:colcon.colcon_core.shell:Creating environment hook '/home/dingo/Programming/BranchForge/install/branchforge/share/branchforge/hook/path.ps1'
[2.123s] INFO:colcon.colcon_core.shell:Creating environment descriptor '/home/dingo/Programming/BranchForge/install/branchforge/share/branchforge/hook/path.dsv'
[2.124s] INFO:colcon.colcon_core.shell:Creating environment hook '/home/dingo/Programming/BranchForge/install/branchforge/share/branchforge/hook/path.sh'
[2.126s] Level 1:colcon.colcon_core.environment:checking '/home/dingo/Programming/BranchForge/install/branchforge/lib/pkgconfig/branchforge.pc'
[2.127s] Level 1:colcon.colcon_core.environment:checking '/home/dingo/Programming/BranchForge/install/branchforge/lib/python3.12/site-packages'
[2.128s] Level 1:colcon.colcon_core.environment:checking '/home/dingo/Programming/BranchForge/install/branchforge/bin'
[2.129s] Level 1:colcon.colcon_core.shell:create_environment_hook('branchforge', 'pythonscriptspath')
[2.130s] INFO:colcon.colcon_core.shell:Creating environment hook '/home/dingo/Programming/BranchForge/install/branchforge/share/branchforge/hook/pythonscriptspath.ps1'
[2.131s] INFO:colcon.colcon_core.shell:Creating environment descriptor '/home/dingo/Programming/BranchForge/install/branchforge/share/branchforge/hook/pythonscriptspath.dsv'
[2.132s] INFO:colcon.colcon_core.shell:Creating environment hook '/home/dingo/Programming/BranchForge/install/branchforge/share/branchforge/hook/pythonscriptspath.sh'
[2.135s] INFO:colcon.colcon_core.shell:Creating package script '/home/dingo/Programming/BranchForge/install/branchforge/share/branchforge/package.ps1'
[2.137s] INFO:colcon.colcon_core.shell:Creating package descriptor '/home/dingo/Programming/BranchForge/install/branchforge/share/branchforge/package.dsv'
[2.138s] INFO:colcon.colcon_core.shell:Creating package script '/home/dingo/Programming/BranchForge/install/branchforge/share/branchforge/package.sh'
[2.140s] INFO:colcon.colcon_core.shell:Creating package script '/home/dingo/Programming/BranchForge/install/branchforge/share/branchforge/package.bash'
[2.141s] INFO:colcon.colcon_core.shell:Creating package script '/home/dingo/Programming/BranchForge/install/branchforge/share/branchforge/package.zsh'
[2.142s] Level 1:colcon.colcon_core.environment:create_file_with_runtime_dependencies(/home/dingo/Programming/BranchForge/install/branchforge/share/colcon-core/packages/branchforge)
[2.143s] DEBUG:colcon.colcon_parallel_executor.executor.parallel:closing loop
[2.144s] DEBUG:colcon.colcon_parallel_executor.executor.parallel:loop closed
[2.145s] DEBUG:colcon.colcon_parallel_executor.executor.parallel:run_until_complete finished with '0'
[2.145s] DEBUG:colcon.colcon_core.event_reactor:joining thread
[2.163s] INFO:colcon.colcon_core.plugin_system:Skipping extension 'colcon_notification.desktop_notification.terminal_notifier': Not used on non-Darwin systems
[2.163s] INFO:colcon.colcon_core.plugin_system:Skipping extension 'colcon_notification.desktop_notification.win32': Not used on non-Windows systems
[2.163s] INFO:colcon.colcon_notification.desktop_notification:Sending desktop notification using 'notify2'
[2.198s] DEBUG:colcon.colcon_core.event_reactor:joined thread
[2.198s] INFO:colcon.colcon_core.shell:Creating prefix script '/home/dingo/Programming/BranchForge/install/local_setup.ps1'
[2.204s] INFO:colcon.colcon_core.shell:Creating prefix util module '/home/dingo/Programming/BranchForge/install/_local_setup_util_ps1.py'
[2.210s] INFO:colcon.colcon_core.shell:Creating prefix chain script '/home/dingo/Programming/BranchForge/install/setup.ps1'
[2.213s] INFO:colcon.colcon_core.shell:Creating prefix script '/home/dingo/Programming/BranchForge/install/local_setup.sh'
[2.216s] INFO:colcon.colcon_core.shell:Creating prefix util module '/home/dingo/Programming/BranchForge/install/_local_setup_util_sh.py'
[2.219s] INFO:colcon.colcon_core.shell:Creating prefix chain script '/home/dingo/Programming/BranchForge/install/setup.sh'
[2.223s] INFO:colcon.colcon_core.shell:Creating prefix script '/home/dingo/Programming/BranchForge/install/local_setup.bash'
[2.224s] INFO:colcon.colcon_core.shell:Creating prefix chain script '/home/dingo/Programming/BranchForge/install/setup.bash'
[2.227s] INFO:colcon.colcon_core.shell:Creating prefix script '/home/dingo/Programming/BranchForge/install/local_setup.zsh'
[2.229s] INFO:colcon.colcon_core.shell:Creating prefix chain script '/home/dingo/Programming/BranchForge/install/setup.zsh'
