[0.024s] Invoking command in '/home/dingo/Programming/BranchForge/build/branchforge': DEBUGINFOD_URLS=https://debuginfod.ubuntu.com /usr/bin/cmake --build /home/dingo/Programming/BranchForge/build/branchforge -- -j12 -l12
[0.261s] -- Configuring done (0.2s)
[0.288s] -- Generating done (0.0s)
[0.292s] -- Build files have been written to: /home/dingo/Programming/BranchForge/build/branchforge
[0.354s] [  5%] Built target branchforge_enhanced_qmlimportscan
[0.394s] [  5%] Built target branchforge_enhanced_autogen_timestamp_deps
[0.584s] [ 11%] Automatic MOC and UIC for target branchforge_enhanced
[0.648s] [ 11%] Built target branchforge_enhanced_autogen
[0.738s] [ 16%] Building CXX object CMakeFiles/branchforge_enhanced.dir/src/project/BehaviorTreeXML.cpp.o
[2.493s] In file included from /home/dingo/Programming/BranchForge/src/project/BehaviorTreeXML.cpp:1:
[2.493s] /home/dingo/Programming/BranchForge/include/project/BehaviorTreeXML.h:21:28: error: field ‘parameters’ has incomplete type ‘QMap<QString, QString>’
[2.493s]    21 |     QMap<QString, QString> parameters;
[2.493s]       |                            ^~~~~~~~~~
[2.493s] In file included from /usr/include/x86_64-linux-gnu/qt6/QtCore/qtypeinfo.h:6,
[2.493s]                  from /usr/include/x86_64-linux-gnu/qt6/QtCore/qglobal.h:1397,
[2.494s]                  from /usr/include/x86_64-linux-gnu/qt6/QtCore/qchar.h:7,
[2.494s]                  from /usr/include/x86_64-linux-gnu/qt6/QtCore/qstring.h:14,
[2.494s]                  from /usr/include/x86_64-linux-gnu/qt6/QtCore/QString:1,
[2.494s]                  from /home/dingo/Programming/BranchForge/include/project/BehaviorTreeXML.h:3:
[2.494s] /usr/include/x86_64-linux-gnu/qt6/QtCore/qcontainerfwd.h:16:43: note: declaration of ‘class QMap<QString, QString>’
[2.494s]    16 | template <typename Key, typename T> class QMap;
[2.494s]       |                                           ^~~~
[2.914s] /home/dingo/Programming/BranchForge/src/project/BehaviorTreeXML.cpp: In member function ‘bool BranchForge::Project::BehaviorTreeXML::isValidConnection(const QString&, const QString&) const’:
[2.914s] /home/dingo/Programming/BranchForge/src/project/BehaviorTreeXML.cpp:460:43: error: passing ‘const BranchForge::Project::BehaviorTreeXML’ as ‘this’ argument discards qualifiers [-fpermissive]
[2.914s]   460 |     return parentId != childId && findNode(parentId) && findNode(childId);
[2.914s]       |                                   ~~~~~~~~^~~~~~~~~~
[2.914s] /home/dingo/Programming/BranchForge/src/project/BehaviorTreeXML.cpp:200:12: note:   in call to ‘BranchForge::Project::BTXMLNode* BranchForge::Project::BehaviorTreeXML::findNode(const QString&)’
[2.915s]   200 | BTXMLNode* BehaviorTreeXML::findNode(const QString& nodeId) {
[2.915s]       |            ^~~~~~~~~~~~~~~
[2.915s] /home/dingo/Programming/BranchForge/src/project/BehaviorTreeXML.cpp:460:65: error: passing ‘const BranchForge::Project::BehaviorTreeXML’ as ‘this’ argument discards qualifiers [-fpermissive]
[2.915s]   460 |     return parentId != childId && findNode(parentId) && findNode(childId);
[2.915s]       |                                                         ~~~~~~~~^~~~~~~~~
[2.915s] /home/dingo/Programming/BranchForge/src/project/BehaviorTreeXML.cpp:200:12: note:   in call to ‘BranchForge::Project::BTXMLNode* BranchForge::Project::BehaviorTreeXML::findNode(const QString&)’
[2.915s]   200 | BTXMLNode* BehaviorTreeXML::findNode(const QString& nodeId) {
[2.915s]       |            ^~~~~~~~~~~~~~~
[3.574s] gmake[2]: *** [CMakeFiles/branchforge_enhanced.dir/build.make:184: CMakeFiles/branchforge_enhanced.dir/src/project/BehaviorTreeXML.cpp.o] Error 1
[3.575s] gmake[1]: *** [CMakeFiles/Makefile2:88: CMakeFiles/branchforge_enhanced.dir/all] Error 2
[3.575s] gmake: *** [Makefile:136: all] Error 2
[3.578s] Invoked command in '/home/dingo/Programming/BranchForge/build/branchforge' returned '2': DEBUGINFOD_URLS=https://debuginfod.ubuntu.com /usr/bin/cmake --build /home/dingo/Programming/BranchForge/build/branchforge -- -j12 -l12
