CMake Error at tests/CMakeLists.txt:5 (add_executable):
  Cannot find source file:

    /home/dingo/Programming/BranchForge/tests/unit/unit/project/test_behavior_tree_xml.cpp
Call Stack (most recent call first):
  tests/unit/CMakeLists.txt:4 (add_branchforge_test)


CMake Error at tests/CMakeLists.txt:5 (add_executable):
  Cannot find source file:

    /home/dingo/Programming/BranchForge/tests/unit/unit/project/test_code_generator.cpp
Call Stack (most recent call first):
  tests/unit/CMakeLists.txt:5 (add_branchforge_test)


CMake Error at tests/CMakeLists.txt:5 (add_executable):
  Cannot find source file:

    /home/dingo/Programming/BranchForge/tests/unit/unit/project/test_bt_serializer.cpp
Call Stack (most recent call first):
  tests/unit/CMakeLists.txt:6 (add_branchforge_test)


CMake Error at tests/CMakeLists.txt:5 (add_executable):
  Cannot find source file:

    /home/dingo/Programming/BranchForge/tests/unit/unit/project/test_project_manager.cpp
Call Stack (most recent call first):
  tests/unit/CMakeLists.txt:7 (add_branchforge_test)


CMake Error at tests/CMakeLists.txt:5 (add_executable):
  Cannot find source file:

    /home/dingo/Programming/BranchForge/tests/unit/unit/core/test_application.cpp
Call Stack (most recent call first):
  tests/unit/CMakeLists.txt:13 (add_branchforge_test)


CMake Error at tests/CMakeLists.txt:5 (add_executable):
  Cannot find source file:

    /home/dingo/Programming/BranchForge/tests/integration/integration/test_visual_to_code_pipeline.cpp
Call Stack (most recent call first):
  tests/integration/CMakeLists.txt:3 (add_branchforge_test)


CMake Generate step failed.  Build files cannot be regenerated correctly.
gmake: *** [Makefile:1226: cmake_check_build_system] Error 1
