[0.016s] Invoking command in '/home/dingo/Programming/BranchForge/build/branchforge': DEBUGINFOD_URLS=https://debuginfod.ubuntu.com /usr/bin/cmake /home/dingo/Programming/BranchForge -DCMAKE_INSTALL_PREFIX=/home/dingo/Programming/BranchForge/install/branchforge
[0.252s] -- Could NOT find Qt6ShaderTools (missing: Qt6ShaderTools_DIR)
[0.252s] CMake Warning at /usr/share/cmake-3.28/Modules/CMakeFindDependencyMacro.cmake:76 (find_package):
[0.252s]   Found package configuration file:
[0.253s] 
[0.253s]     /usr/lib/x86_64-linux-gnu/cmake/Qt6Quick3DRuntimeRender/Qt6Quick3DRuntimeRenderConfig.cmake
[0.253s] 
[0.253s]   but it set Qt6Quick3DRuntimeRender_FOUND to FALSE so package
[0.253s]   "Qt6Quick3DRuntimeRender" is considered to be NOT FOUND.  Reason given by
[0.253s]   package:
[0.253s] 
[0.253s]   Qt6Quick3DRuntimeRender could not be found because dependency
[0.254s]   Qt6ShaderTools could not be found.
[0.254s] 
[0.254s]   Configuring with --debug-find-pkg=Qt6ShaderTools might reveal details why
[0.254s]   the package was not found.
[0.254s] 
[0.254s]   Configuring with -DQT_DEBUG_FIND_PACKAGE=ON will print the values of some
[0.254s]   of the path variables that find_package uses to try and find the package.
[0.254s] 
[0.255s] Call Stack (most recent call first):
[0.255s]   /usr/lib/x86_64-linux-gnu/cmake/Qt6/QtPublicDependencyHelpers.cmake:108 (find_dependency)
[0.255s]   /usr/lib/x86_64-linux-gnu/cmake/Qt6Quick3D/Qt6Quick3DDependencies.cmake:39 (_qt_internal_find_qt_dependencies)
[0.255s]   /usr/lib/x86_64-linux-gnu/cmake/Qt6Quick3D/Qt6Quick3DConfig.cmake:50 (include)
[0.255s]   /usr/lib/x86_64-linux-gnu/cmake/Qt6/Qt6Config.cmake:167 (find_package)
[0.255s]   CMakeLists.txt:8 (find_package)
[0.255s] 
[0.255s] 
[0.255s] CMake Warning at /usr/lib/x86_64-linux-gnu/cmake/Qt6/Qt6Config.cmake:167 (find_package):
[0.256s]   Found package configuration file:
[0.256s] 
[0.256s]     /usr/lib/x86_64-linux-gnu/cmake/Qt6Quick3D/Qt6Quick3DConfig.cmake
[0.256s] 
[0.256s]   but it set Qt6Quick3D_FOUND to FALSE so package "Qt6Quick3D" is considered
[0.256s]   to be NOT FOUND.  Reason given by package:
[0.256s] 
[0.256s]   Qt6Quick3D could not be found because dependency Qt6Quick3DRuntimeRender
[0.256s]   could not be found.
[0.257s] 
[0.257s]   Configuring with --debug-find-pkg=Qt6Quick3DRuntimeRender might reveal
[0.257s]   details why the package was not found.
[0.257s] 
[0.257s]   Configuring with -DQT_DEBUG_FIND_PACKAGE=ON will print the values of some
[0.257s]   of the path variables that find_package uses to try and find the package.
[0.257s] 
[0.257s] Call Stack (most recent call first):
[0.257s]   CMakeLists.txt:8 (find_package)
[0.258s] 
[0.258s] 
[0.258s] CMake Error at CMakeLists.txt:8 (find_package):
[0.258s]   Found package configuration file:
[0.259s] 
[0.259s]     /usr/lib/x86_64-linux-gnu/cmake/Qt6/Qt6Config.cmake
[0.259s] 
[0.259s]   but it set Qt6_FOUND to FALSE so package "Qt6" is considered to be NOT
[0.259s]   FOUND.  Reason given by package:
[0.260s] 
[0.260s]   Failed to find required Qt component "Quick3D".
[0.260s] 
[0.261s]   Expected Config file at
[0.261s]   "/usr/lib/x86_64-linux-gnu/cmake/Qt6Quick3D/Qt6Quick3DConfig.cmake" exists
[0.261s] 
[0.261s] 
[0.261s] 
[0.261s]   Configuring with --debug-find-pkg=Qt6Quick3D might reveal details why the
[0.261s]   package was not found.
[0.261s] 
[0.261s]   Configuring with -DQT_DEBUG_FIND_PACKAGE=ON will print the values of some
[0.261s]   of the path variables that find_package uses to try and find the package.
[0.261s] 
[0.261s] 
[0.261s] 
[0.262s] -- Configuring incomplete, errors occurred!
[0.262s] Invoked command in '/home/dingo/Programming/BranchForge/build/branchforge' returned '1': DEBUGINFOD_URLS=https://debuginfod.ubuntu.com /usr/bin/cmake /home/dingo/Programming/BranchForge -DCMAKE_INSTALL_PREFIX=/home/dingo/Programming/BranchForge/install/branchforge
