-- Found ament_cmake: 2.5.4 (/opt/ros/jazzy/share/ament_cmake/cmake)
-- Found rclcpp: 28.1.9 (/opt/ros/jazzy/share/rclcpp/cmake)
-- Found rosidl_generator_c: 4.6.5 (/opt/ros/jazzy/share/rosidl_generator_c/cmake)
-- Found rosidl_generator_cpp: 4.6.5 (/opt/ros/jazzy/share/rosidl_generator_cpp/cmake)
-- Using all available rosidl_typesupport_c: rosidl_typesupport_fastrtps_c;rosidl_typesupport_introspection_c
-- Using all available rosidl_typesupport_cpp: rosidl_typesupport_fastrtps_cpp;rosidl_typesupport_introspection_cpp
-- Found rmw_implementation_cmake: 7.3.2 (/opt/ros/jazzy/share/rmw_implementation_cmake/cmake)
-- Found rmw_fastrtps_cpp: 8.4.2 (/opt/ros/jazzy/share/rmw_fastrtps_cpp/cmake)
-- Using RMW implementation 'rmw_fastrtps_cpp' as default
-- Found std_msgs: 5.3.6 (/opt/ros/jazzy/share/std_msgs/cmake)
CMake Error at /opt/ros/jazzy/share/ament_cmake_target_dependencies/cmake/ament_target_dependencies.cmake:146 (target_link_libraries):
  The keyword signature for target_link_libraries has already been used with
  the target "branchforge".  All uses of target_link_libraries with a target
  must be either all-keyword or all-plain.

  The uses of the keyword signature are here:

   * /usr/lib/x86_64-linux-gnu/cmake/Qt6Core/Qt6CoreMacros.cmake:549 (target_link_libraries)
   * /usr/lib/x86_64-linux-gnu/cmake/Qt6Qml/Qt6QmlMacros.cmake:388 (target_link_libraries)
   * /usr/lib/x86_64-linux-gnu/cmake/Qt6Qml/Qt6QmlMacros.cmake:980 (target_link_libraries)
   * CMakeLists.txt:69 (target_link_libraries)

Call Stack (most recent call first):
  CMakeLists.txt:96 (ament_target_dependencies)


-- Configuring incomplete, errors occurred!
