[0.017s] Invoking command in '/home/dingo/Programming/BranchForge/build/branchforge': CMAKE_PREFIX_PATH=${CMAKE_PREFIX_PATH}:/opt/ros/jazzy DEBUGINFOD_URLS=https://debuginfod.ubuntu.com /usr/bin/cmake /home/dingo/Programming/BranchForge -DCMAKE_INSTALL_PREFIX=/home/dingo/Programming/BranchForge/install/branchforge
[0.275s] -- Found ament_cmake: 2.5.4 (/opt/ros/jazzy/share/ament_cmake/cmake)
[0.609s] -- Found rclcpp: 28.1.9 (/opt/ros/jazzy/share/rclcpp/cmake)
[0.654s] -- Found rosidl_generator_c: 4.6.5 (/opt/ros/jazzy/share/rosidl_generator_c/cmake)
[0.666s] -- Found rosidl_generator_cpp: 4.6.5 (/opt/ros/jazzy/share/rosidl_generator_cpp/cmake)
[0.680s] -- Using all available rosidl_typesupport_c: rosidl_typesupport_fastrtps_c;rosidl_typesupport_introspection_c
[0.697s] -- Using all available rosidl_typesupport_cpp: rosidl_typesupport_fastrtps_cpp;rosidl_typesupport_introspection_cpp
[0.784s] -- Found rmw_implementation_cmake: 7.3.2 (/opt/ros/jazzy/share/rmw_implementation_cmake/cmake)
[0.786s] -- Found rmw_fastrtps_cpp: 8.4.2 (/opt/ros/jazzy/share/rmw_fastrtps_cpp/cmake)
[0.896s] -- Using RMW implementation 'rmw_fastrtps_cpp' as default
[1.002s] -- Found std_msgs: 5.3.6 (/opt/ros/jazzy/share/std_msgs/cmake)
[1.130s] CMake Error at /opt/ros/jazzy/share/ament_cmake_target_dependencies/cmake/ament_target_dependencies.cmake:146 (target_link_libraries):
[1.130s]   The keyword signature for target_link_libraries has already been used with
[1.130s]   the target "branchforge".  All uses of target_link_libraries with a target
[1.131s]   must be either all-keyword or all-plain.
[1.131s] 
[1.131s]   The uses of the keyword signature are here:
[1.131s] 
[1.131s]    * /usr/lib/x86_64-linux-gnu/cmake/Qt6Core/Qt6CoreMacros.cmake:549 (target_link_libraries)
[1.132s]    * /usr/lib/x86_64-linux-gnu/cmake/Qt6Qml/Qt6QmlMacros.cmake:388 (target_link_libraries)
[1.132s]    * /usr/lib/x86_64-linux-gnu/cmake/Qt6Qml/Qt6QmlMacros.cmake:980 (target_link_libraries)
[1.132s]    * CMakeLists.txt:69 (target_link_libraries)
[1.132s] 
[1.132s] Call Stack (most recent call first):
[1.133s]   CMakeLists.txt:96 (ament_target_dependencies)
[1.133s] 
[1.133s] 
[1.333s] -- Configuring incomplete, errors occurred!
[1.352s] Invoked command in '/home/dingo/Programming/BranchForge/build/branchforge' returned '1': CMAKE_PREFIX_PATH=${CMAKE_PREFIX_PATH}:/opt/ros/jazzy DEBUGINFOD_URLS=https://debuginfod.ubuntu.com /usr/bin/cmake /home/dingo/Programming/BranchForge -DCMAKE_INSTALL_PREFIX=/home/dingo/Programming/BranchForge/install/branchforge
