In file included from /home/dingo/Programming/BranchForge/src/project/CodeGenerator.cpp:2:
/home/dingo/Programming/BranchForge/include/project/BehaviorTreeXML.h:6:10: fatal error: QDomDocument: No such file or directory
    6 | #include <QDomDocument>
      |          ^~~~~~~~~~~~~~
compilation terminated.
gmake[2]: *** [CMakeFiles/branchforge_enhanced.dir/build.make:184: CMakeFiles/branchforge_enhanced.dir/src/project/CodeGenerator.cpp.o] Error 1
gmake[2]: *** Waiting for unfinished jobs....
In file included from /home/dingo/Programming/BranchForge/src/nodes/AdvancedNodeSystem.cpp:1:
/home/dingo/Programming/BranchForge/include/nodes/AdvancedNodeSystem.h: In constructor ‘BranchForge::Nodes::AdvancedNodeInstance::AdvancedNodeInstance(const BranchForge::Nodes::AdvancedNodeTemplate&, QObject*)’:
/home/dingo/Programming/BranchForge/include/nodes/AdvancedNodeSystem.h:193:26: warning: ‘BranchForge::Nodes::AdvancedNodeInstance::m_template’ will be initialized after [-Wreorder]
  193 |     AdvancedNodeTemplate m_template;
      |                          ^~~~~~~~~~
/home/dingo/Programming/BranchForge/include/nodes/AdvancedNodeSystem.h:190:13: warning:   ‘QString BranchForge::Nodes::AdvancedNodeInstance::m_id’ [-Wreorder]
  190 |     QString m_id;
      |             ^~~~
/home/dingo/Programming/BranchForge/src/nodes/AdvancedNodeSystem.cpp:306:1: warning:   when initialized here [-Wreorder]
  306 | AdvancedNodeInstance::AdvancedNodeInstance(const AdvancedNodeTemplate& template_, QObject* parent)
      | ^~~~~~~~~~~~~~~~~~~~
gmake[1]: *** [CMakeFiles/Makefile2:88: CMakeFiles/branchforge_enhanced.dir/all] Error 2
gmake: *** [Makefile:136: all] Error 2
