-- Configuring done (0.2s)
-- Generating done (0.0s)
-- Build files have been written to: /home/dingo/Programming/BranchForge/build/branchforge
[  5%] Built target branchforge_enhanced_qmlimportscan
[  5%] Built target branchforge_enhanced_autogen_timestamp_deps
[ 11%] Automatic MOC and UIC for target branchforge_enhanced
[ 11%] Built target branchforge_enhanced_autogen
[ 17%] Generating qrc_resources.cpp
[ 23%] Building CXX object CMakeFiles/branchforge_enhanced.dir/src/main.cpp.o
[ 29%] Building CXX object CMakeFiles/branchforge_enhanced.dir/src/ui/MainWindow.cpp.o
[ 35%] Building CXX object CMakeFiles/branchforge_enhanced.dir/src/ros2/ROS2Interface.cpp.o
[ 41%] Building CXX object CMakeFiles/branchforge_enhanced.dir/branchforge_enhanced_autogen/mocs_compilation.cpp.o
[ 52%] Building CXX object CMakeFiles/branchforge_enhanced.dir/src/monitoring/BTExecutionMonitor.cpp.o
[ 52%] Building CXX object CMakeFiles/branchforge_enhanced.dir/src/core/Application.cpp.o
[ 58%] Building CXX object CMakeFiles/branchforge_enhanced.dir/src/recording/DataRecorder.cpp.o
[ 70%] Building CXX object CMakeFiles/branchforge_enhanced.dir/src/ros2/ROS2TopicBrowser.cpp.o
[ 70%] Building CXX object CMakeFiles/branchforge_enhanced.dir/src/project/ProjectManager.cpp.o
[ 82%] Building CXX object CMakeFiles/branchforge_enhanced.dir/src/project/CodeGenerator.cpp.o
[ 82%] Building CXX object CMakeFiles/branchforge_enhanced.dir/src/nodes/AdvancedNodeSystem.cpp.o
[ 88%] Building CXX object CMakeFiles/branchforge_enhanced.dir/src/visualization/SensorDataPipeline.cpp.o
In file included from /home/dingo/Programming/BranchForge/src/project/CodeGenerator.cpp:2:
/home/dingo/Programming/BranchForge/include/project/BehaviorTreeXML.h:6:10: fatal error: QDomDocument: No such file or directory
    6 | #include <QDomDocument>
      |          ^~~~~~~~~~~~~~
compilation terminated.
gmake[2]: *** [CMakeFiles/branchforge_enhanced.dir/build.make:184: CMakeFiles/branchforge_enhanced.dir/src/project/CodeGenerator.cpp.o] Error 1
gmake[2]: *** Waiting for unfinished jobs....
In file included from /home/dingo/Programming/BranchForge/src/nodes/AdvancedNodeSystem.cpp:1:
/home/dingo/Programming/BranchForge/include/nodes/AdvancedNodeSystem.h: In constructor ‘BranchForge::Nodes::AdvancedNodeInstance::AdvancedNodeInstance(const BranchForge::Nodes::AdvancedNodeTemplate&, QObject*)’:
/home/dingo/Programming/BranchForge/include/nodes/AdvancedNodeSystem.h:193:26: warning: ‘BranchForge::Nodes::AdvancedNodeInstance::m_template’ will be initialized after [-Wreorder]
  193 |     AdvancedNodeTemplate m_template;
      |                          ^~~~~~~~~~
/home/dingo/Programming/BranchForge/include/nodes/AdvancedNodeSystem.h:190:13: warning:   ‘QString BranchForge::Nodes::AdvancedNodeInstance::m_id’ [-Wreorder]
  190 |     QString m_id;
      |             ^~~~
/home/dingo/Programming/BranchForge/src/nodes/AdvancedNodeSystem.cpp:306:1: warning:   when initialized here [-Wreorder]
  306 | AdvancedNodeInstance::AdvancedNodeInstance(const AdvancedNodeTemplate& template_, QObject* parent)
      | ^~~~~~~~~~~~~~~~~~~~
gmake[1]: *** [CMakeFiles/Makefile2:88: CMakeFiles/branchforge_enhanced.dir/all] Error 2
gmake: *** [Makefile:136: all] Error 2
