[0.334s] DEBUG:colcon:Command line arguments: ['/usr/bin/colcon', 'build']
[0.334s] DEBUG:colcon:Parsed command line arguments: Namespace(log_base=None, log_level=None, verb_name='build', build_base='build', install_base='install', merge_install=False, symlink_install=False, test_result_base=None, continue_on_error=False, executor='parallel', parallel_workers=12, event_handlers=None, ignore_user_meta=False, metas=['./colcon.meta'], base_paths=['.'], packages_ignore=None, packages_ignore_regex=None, paths=None, packages_up_to=None, packages_up_to_regex=None, packages_above=None, packages_above_and_dependencies=None, packages_above_depth=None, packages_select_by_dep=None, packages_skip_by_dep=None, packages_skip_up_to=None, packages_select_build_failed=False, packages_skip_build_finished=False, packages_select_test_failures=False, packages_skip_test_passed=False, packages_select=None, packages_skip=None, packages_select_regex=None, packages_skip_regex=None, packages_start=None, packages_end=None, allow_overriding=[], cmake_args=None, cmake_target=None, cmake_target_skip_unavailable=False, cmake_clean_cache=False, cmake_clean_first=False, cmake_force_configure=False, ament_cmake_args=None, catkin_cmake_args=None, catkin_skip_building_tests=False, mixin_files=None, mixin=None, verb_parser=<colcon_mixin.mixin.mixin_argument.MixinArgumentDecorator object at 0x7b1082ea4da0>, verb_extension=<colcon_core.verb.build.BuildVerb object at 0x7b10839b40e0>, main=<bound method BuildVerb.main of <colcon_core.verb.build.BuildVerb object at 0x7b10839b40e0>>, mixin_verb=('build',))
[0.391s] Level 1:colcon.colcon_core.package_discovery:discover_packages(colcon_meta) check parameters
[0.391s] Level 1:colcon.colcon_core.package_discovery:discover_packages(recursive) check parameters
[0.391s] Level 1:colcon.colcon_core.package_discovery:discover_packages(ignore) check parameters
[0.391s] Level 1:colcon.colcon_core.package_discovery:discover_packages(path) check parameters
[0.391s] Level 1:colcon.colcon_core.package_discovery:discover_packages(colcon_meta) discover
[0.391s] Level 1:colcon.colcon_core.package_discovery:discover_packages(recursive) discover
[0.391s] INFO:colcon.colcon_core.package_discovery:Crawling recursively for packages in '/home/dingo/Programming/BranchForge/build/branchforge'
[0.391s] Level 1:colcon.colcon_core.package_identification:_identify(.) by extensions ['ignore', 'ignore_ament_install']
[0.392s] Level 1:colcon.colcon_core.package_identification:_identify(.) by extension 'ignore'
[0.392s] Level 1:colcon.colcon_core.package_identification:_identify(.) by extension 'ignore_ament_install'
[0.392s] Level 1:colcon.colcon_core.package_identification:_identify(.) by extensions ['colcon_pkg']
[0.392s] Level 1:colcon.colcon_core.package_identification:_identify(.) by extension 'colcon_pkg'
[0.392s] Level 1:colcon.colcon_core.package_identification:_identify(.) by extensions ['colcon_meta']
[0.392s] Level 1:colcon.colcon_core.package_identification:_identify(.) by extension 'colcon_meta'
[0.392s] Level 1:colcon.colcon_core.package_identification:_identify(.) by extensions ['ros']
[0.393s] Level 1:colcon.colcon_core.package_identification:_identify(.) by extension 'ros'
[0.443s] Level 1:colcon.colcon_core.package_identification:_identify(.) by extensions ['cmake', 'python']
[0.443s] Level 1:colcon.colcon_core.package_identification:_identify(.) by extension 'cmake'
[0.443s] Level 1:colcon.colcon_core.package_identification:_identify(.) by extension 'python'
[0.443s] Level 1:colcon.colcon_core.package_identification:_identify(.) by extensions ['python_setup_py']
[0.443s] Level 1:colcon.colcon_core.package_identification:_identify(.) by extension 'python_setup_py'
[0.443s] Level 1:colcon.colcon_core.package_identification:_identify(CMakeFiles) by extensions ['ignore', 'ignore_ament_install']
[0.443s] Level 1:colcon.colcon_core.package_identification:_identify(CMakeFiles) by extension 'ignore'
[0.444s] Level 1:colcon.colcon_core.package_identification:_identify(CMakeFiles) by extension 'ignore_ament_install'
[0.444s] Level 1:colcon.colcon_core.package_identification:_identify(CMakeFiles) by extensions ['colcon_pkg']
[0.444s] Level 1:colcon.colcon_core.package_identification:_identify(CMakeFiles) by extension 'colcon_pkg'
[0.444s] Level 1:colcon.colcon_core.package_identification:_identify(CMakeFiles) by extensions ['colcon_meta']
[0.444s] Level 1:colcon.colcon_core.package_identification:_identify(CMakeFiles) by extension 'colcon_meta'
[0.444s] Level 1:colcon.colcon_core.package_identification:_identify(CMakeFiles) by extensions ['ros']
[0.444s] Level 1:colcon.colcon_core.package_identification:_identify(CMakeFiles) by extension 'ros'
[0.444s] Level 1:colcon.colcon_core.package_identification:_identify(CMakeFiles) by extensions ['cmake', 'python']
[0.444s] Level 1:colcon.colcon_core.package_identification:_identify(CMakeFiles) by extension 'cmake'
[0.444s] Level 1:colcon.colcon_core.package_identification:_identify(CMakeFiles) by extension 'python'
[0.444s] Level 1:colcon.colcon_core.package_identification:_identify(CMakeFiles) by extensions ['python_setup_py']
[0.444s] Level 1:colcon.colcon_core.package_identification:_identify(CMakeFiles) by extension 'python_setup_py'
[0.445s] Level 1:colcon.colcon_core.package_identification:_identify(CMakeFiles/3.28.3) by extensions ['ignore', 'ignore_ament_install']
[0.445s] Level 1:colcon.colcon_core.package_identification:_identify(CMakeFiles/3.28.3) by extension 'ignore'
[0.445s] Level 1:colcon.colcon_core.package_identification:_identify(CMakeFiles/3.28.3) by extension 'ignore_ament_install'
[0.445s] Level 1:colcon.colcon_core.package_identification:_identify(CMakeFiles/3.28.3) by extensions ['colcon_pkg']
[0.445s] Level 1:colcon.colcon_core.package_identification:_identify(CMakeFiles/3.28.3) by extension 'colcon_pkg'
[0.445s] Level 1:colcon.colcon_core.package_identification:_identify(CMakeFiles/3.28.3) by extensions ['colcon_meta']
[0.445s] Level 1:colcon.colcon_core.package_identification:_identify(CMakeFiles/3.28.3) by extension 'colcon_meta'
[0.445s] Level 1:colcon.colcon_core.package_identification:_identify(CMakeFiles/3.28.3) by extensions ['ros']
[0.445s] Level 1:colcon.colcon_core.package_identification:_identify(CMakeFiles/3.28.3) by extension 'ros'
[0.446s] Level 1:colcon.colcon_core.package_identification:_identify(CMakeFiles/3.28.3) by extensions ['cmake', 'python']
[0.446s] Level 1:colcon.colcon_core.package_identification:_identify(CMakeFiles/3.28.3) by extension 'cmake'
[0.446s] Level 1:colcon.colcon_core.package_identification:_identify(CMakeFiles/3.28.3) by extension 'python'
[0.446s] Level 1:colcon.colcon_core.package_identification:_identify(CMakeFiles/3.28.3) by extensions ['python_setup_py']
[0.446s] Level 1:colcon.colcon_core.package_identification:_identify(CMakeFiles/3.28.3) by extension 'python_setup_py'
[0.446s] Level 1:colcon.colcon_core.package_identification:_identify(CMakeFiles/3.28.3/CompilerIdCXX) by extensions ['ignore', 'ignore_ament_install']
[0.446s] Level 1:colcon.colcon_core.package_identification:_identify(CMakeFiles/3.28.3/CompilerIdCXX) by extension 'ignore'
[0.446s] Level 1:colcon.colcon_core.package_identification:_identify(CMakeFiles/3.28.3/CompilerIdCXX) by extension 'ignore_ament_install'
[0.446s] Level 1:colcon.colcon_core.package_identification:_identify(CMakeFiles/3.28.3/CompilerIdCXX) by extensions ['colcon_pkg']
[0.446s] Level 1:colcon.colcon_core.package_identification:_identify(CMakeFiles/3.28.3/CompilerIdCXX) by extension 'colcon_pkg'
[0.446s] Level 1:colcon.colcon_core.package_identification:_identify(CMakeFiles/3.28.3/CompilerIdCXX) by extensions ['colcon_meta']
[0.446s] Level 1:colcon.colcon_core.package_identification:_identify(CMakeFiles/3.28.3/CompilerIdCXX) by extension 'colcon_meta'
[0.447s] Level 1:colcon.colcon_core.package_identification:_identify(CMakeFiles/3.28.3/CompilerIdCXX) by extensions ['ros']
[0.447s] Level 1:colcon.colcon_core.package_identification:_identify(CMakeFiles/3.28.3/CompilerIdCXX) by extension 'ros'
[0.447s] Level 1:colcon.colcon_core.package_identification:_identify(CMakeFiles/3.28.3/CompilerIdCXX) by extensions ['cmake', 'python']
[0.447s] Level 1:colcon.colcon_core.package_identification:_identify(CMakeFiles/3.28.3/CompilerIdCXX) by extension 'cmake'
[0.447s] Level 1:colcon.colcon_core.package_identification:_identify(CMakeFiles/3.28.3/CompilerIdCXX) by extension 'python'
[0.447s] Level 1:colcon.colcon_core.package_identification:_identify(CMakeFiles/3.28.3/CompilerIdCXX) by extensions ['python_setup_py']
[0.447s] Level 1:colcon.colcon_core.package_identification:_identify(CMakeFiles/3.28.3/CompilerIdCXX) by extension 'python_setup_py'
[0.447s] Level 1:colcon.colcon_core.package_identification:_identify(CMakeFiles/3.28.3/CompilerIdCXX/tmp) by extensions ['ignore', 'ignore_ament_install']
[0.447s] Level 1:colcon.colcon_core.package_identification:_identify(CMakeFiles/3.28.3/CompilerIdCXX/tmp) by extension 'ignore'
[0.447s] Level 1:colcon.colcon_core.package_identification:_identify(CMakeFiles/3.28.3/CompilerIdCXX/tmp) by extension 'ignore_ament_install'
[0.447s] Level 1:colcon.colcon_core.package_identification:_identify(CMakeFiles/3.28.3/CompilerIdCXX/tmp) by extensions ['colcon_pkg']
[0.448s] Level 1:colcon.colcon_core.package_identification:_identify(CMakeFiles/3.28.3/CompilerIdCXX/tmp) by extension 'colcon_pkg'
[0.448s] Level 1:colcon.colcon_core.package_identification:_identify(CMakeFiles/3.28.3/CompilerIdCXX/tmp) by extensions ['colcon_meta']
[0.448s] Level 1:colcon.colcon_core.package_identification:_identify(CMakeFiles/3.28.3/CompilerIdCXX/tmp) by extension 'colcon_meta'
[0.448s] Level 1:colcon.colcon_core.package_identification:_identify(CMakeFiles/3.28.3/CompilerIdCXX/tmp) by extensions ['ros']
[0.448s] Level 1:colcon.colcon_core.package_identification:_identify(CMakeFiles/3.28.3/CompilerIdCXX/tmp) by extension 'ros'
[0.448s] Level 1:colcon.colcon_core.package_identification:_identify(CMakeFiles/3.28.3/CompilerIdCXX/tmp) by extensions ['cmake', 'python']
[0.448s] Level 1:colcon.colcon_core.package_identification:_identify(CMakeFiles/3.28.3/CompilerIdCXX/tmp) by extension 'cmake'
[0.448s] Level 1:colcon.colcon_core.package_identification:_identify(CMakeFiles/3.28.3/CompilerIdCXX/tmp) by extension 'python'
[0.448s] Level 1:colcon.colcon_core.package_identification:_identify(CMakeFiles/3.28.3/CompilerIdCXX/tmp) by extensions ['python_setup_py']
[0.448s] Level 1:colcon.colcon_core.package_identification:_identify(CMakeFiles/3.28.3/CompilerIdCXX/tmp) by extension 'python_setup_py'
[0.448s] Level 1:colcon.colcon_core.package_identification:_identify(CMakeFiles/branchforge_enhanced.dir) by extensions ['ignore', 'ignore_ament_install']
[0.449s] Level 1:colcon.colcon_core.package_identification:_identify(CMakeFiles/branchforge_enhanced.dir) by extension 'ignore'
[0.449s] Level 1:colcon.colcon_core.package_identification:_identify(CMakeFiles/branchforge_enhanced.dir) by extension 'ignore_ament_install'
[0.449s] Level 1:colcon.colcon_core.package_identification:_identify(CMakeFiles/branchforge_enhanced.dir) by extensions ['colcon_pkg']
[0.449s] Level 1:colcon.colcon_core.package_identification:_identify(CMakeFiles/branchforge_enhanced.dir) by extension 'colcon_pkg'
[0.449s] Level 1:colcon.colcon_core.package_identification:_identify(CMakeFiles/branchforge_enhanced.dir) by extensions ['colcon_meta']
[0.449s] Level 1:colcon.colcon_core.package_identification:_identify(CMakeFiles/branchforge_enhanced.dir) by extension 'colcon_meta'
[0.449s] Level 1:colcon.colcon_core.package_identification:_identify(CMakeFiles/branchforge_enhanced.dir) by extensions ['ros']
[0.449s] Level 1:colcon.colcon_core.package_identification:_identify(CMakeFiles/branchforge_enhanced.dir) by extension 'ros'
[0.449s] Level 1:colcon.colcon_core.package_identification:_identify(CMakeFiles/branchforge_enhanced.dir) by extensions ['cmake', 'python']
[0.449s] Level 1:colcon.colcon_core.package_identification:_identify(CMakeFiles/branchforge_enhanced.dir) by extension 'cmake'
[0.449s] Level 1:colcon.colcon_core.package_identification:_identify(CMakeFiles/branchforge_enhanced.dir) by extension 'python'
[0.449s] Level 1:colcon.colcon_core.package_identification:_identify(CMakeFiles/branchforge_enhanced.dir) by extensions ['python_setup_py']
[0.449s] Level 1:colcon.colcon_core.package_identification:_identify(CMakeFiles/branchforge_enhanced.dir) by extension 'python_setup_py'
[0.450s] Level 1:colcon.colcon_core.package_identification:_identify(CMakeFiles/branchforge_enhanced.dir/branchforge_enhanced_autogen) by extensions ['ignore', 'ignore_ament_install']
[0.450s] Level 1:colcon.colcon_core.package_identification:_identify(CMakeFiles/branchforge_enhanced.dir/branchforge_enhanced_autogen) by extension 'ignore'
[0.450s] Level 1:colcon.colcon_core.package_identification:_identify(CMakeFiles/branchforge_enhanced.dir/branchforge_enhanced_autogen) by extension 'ignore_ament_install'
[0.450s] Level 1:colcon.colcon_core.package_identification:_identify(CMakeFiles/branchforge_enhanced.dir/branchforge_enhanced_autogen) by extensions ['colcon_pkg']
[0.450s] Level 1:colcon.colcon_core.package_identification:_identify(CMakeFiles/branchforge_enhanced.dir/branchforge_enhanced_autogen) by extension 'colcon_pkg'
[0.450s] Level 1:colcon.colcon_core.package_identification:_identify(CMakeFiles/branchforge_enhanced.dir/branchforge_enhanced_autogen) by extensions ['colcon_meta']
[0.450s] Level 1:colcon.colcon_core.package_identification:_identify(CMakeFiles/branchforge_enhanced.dir/branchforge_enhanced_autogen) by extension 'colcon_meta'
[0.450s] Level 1:colcon.colcon_core.package_identification:_identify(CMakeFiles/branchforge_enhanced.dir/branchforge_enhanced_autogen) by extensions ['ros']
[0.450s] Level 1:colcon.colcon_core.package_identification:_identify(CMakeFiles/branchforge_enhanced.dir/branchforge_enhanced_autogen) by extension 'ros'
[0.450s] Level 1:colcon.colcon_core.package_identification:_identify(CMakeFiles/branchforge_enhanced.dir/branchforge_enhanced_autogen) by extensions ['cmake', 'python']
[0.450s] Level 1:colcon.colcon_core.package_identification:_identify(CMakeFiles/branchforge_enhanced.dir/branchforge_enhanced_autogen) by extension 'cmake'
[0.451s] Level 1:colcon.colcon_core.package_identification:_identify(CMakeFiles/branchforge_enhanced.dir/branchforge_enhanced_autogen) by extension 'python'
[0.451s] Level 1:colcon.colcon_core.package_identification:_identify(CMakeFiles/branchforge_enhanced.dir/branchforge_enhanced_autogen) by extensions ['python_setup_py']
[0.451s] Level 1:colcon.colcon_core.package_identification:_identify(CMakeFiles/branchforge_enhanced.dir/branchforge_enhanced_autogen) by extension 'python_setup_py'
[0.451s] Level 1:colcon.colcon_core.package_identification:_identify(CMakeFiles/branchforge_enhanced.dir/build) by extensions ['ignore', 'ignore_ament_install']
[0.451s] Level 1:colcon.colcon_core.package_identification:_identify(CMakeFiles/branchforge_enhanced.dir/build) by extension 'ignore'
[0.451s] Level 1:colcon.colcon_core.package_identification:_identify(CMakeFiles/branchforge_enhanced.dir/build) by extension 'ignore_ament_install'
[0.451s] Level 1:colcon.colcon_core.package_identification:_identify(CMakeFiles/branchforge_enhanced.dir/build) by extensions ['colcon_pkg']
[0.451s] Level 1:colcon.colcon_core.package_identification:_identify(CMakeFiles/branchforge_enhanced.dir/build) by extension 'colcon_pkg'
[0.451s] Level 1:colcon.colcon_core.package_identification:_identify(CMakeFiles/branchforge_enhanced.dir/build) by extensions ['colcon_meta']
[0.451s] Level 1:colcon.colcon_core.package_identification:_identify(CMakeFiles/branchforge_enhanced.dir/build) by extension 'colcon_meta'
[0.451s] Level 1:colcon.colcon_core.package_identification:_identify(CMakeFiles/branchforge_enhanced.dir/build) by extensions ['ros']
[0.451s] Level 1:colcon.colcon_core.package_identification:_identify(CMakeFiles/branchforge_enhanced.dir/build) by extension 'ros'
[0.452s] Level 1:colcon.colcon_core.package_identification:_identify(CMakeFiles/branchforge_enhanced.dir/build) by extensions ['cmake', 'python']
[0.452s] Level 1:colcon.colcon_core.package_identification:_identify(CMakeFiles/branchforge_enhanced.dir/build) by extension 'cmake'
[0.452s] Level 1:colcon.colcon_core.package_identification:_identify(CMakeFiles/branchforge_enhanced.dir/build) by extension 'python'
[0.452s] Level 1:colcon.colcon_core.package_identification:_identify(CMakeFiles/branchforge_enhanced.dir/build) by extensions ['python_setup_py']
[0.452s] Level 1:colcon.colcon_core.package_identification:_identify(CMakeFiles/branchforge_enhanced.dir/build) by extension 'python_setup_py'
[0.452s] Level 1:colcon.colcon_core.package_identification:_identify(CMakeFiles/branchforge_enhanced.dir/build/branchforge) by extensions ['ignore', 'ignore_ament_install']
[0.452s] Level 1:colcon.colcon_core.package_identification:_identify(CMakeFiles/branchforge_enhanced.dir/build/branchforge) by extension 'ignore'
[0.452s] Level 1:colcon.colcon_core.package_identification:_identify(CMakeFiles/branchforge_enhanced.dir/build/branchforge) by extension 'ignore_ament_install'
[0.452s] Level 1:colcon.colcon_core.package_identification:_identify(CMakeFiles/branchforge_enhanced.dir/build/branchforge) by extensions ['colcon_pkg']
[0.452s] Level 1:colcon.colcon_core.package_identification:_identify(CMakeFiles/branchforge_enhanced.dir/build/branchforge) by extension 'colcon_pkg'
[0.452s] Level 1:colcon.colcon_core.package_identification:_identify(CMakeFiles/branchforge_enhanced.dir/build/branchforge) by extensions ['colcon_meta']
[0.453s] Level 1:colcon.colcon_core.package_identification:_identify(CMakeFiles/branchforge_enhanced.dir/build/branchforge) by extension 'colcon_meta'
[0.453s] Level 1:colcon.colcon_core.package_identification:_identify(CMakeFiles/branchforge_enhanced.dir/build/branchforge) by extensions ['ros']
[0.453s] Level 1:colcon.colcon_core.package_identification:_identify(CMakeFiles/branchforge_enhanced.dir/build/branchforge) by extension 'ros'
[0.453s] Level 1:colcon.colcon_core.package_identification:_identify(CMakeFiles/branchforge_enhanced.dir/build/branchforge) by extensions ['cmake', 'python']
[0.453s] Level 1:colcon.colcon_core.package_identification:_identify(CMakeFiles/branchforge_enhanced.dir/build/branchforge) by extension 'cmake'
[0.453s] Level 1:colcon.colcon_core.package_identification:_identify(CMakeFiles/branchforge_enhanced.dir/build/branchforge) by extension 'python'
[0.453s] Level 1:colcon.colcon_core.package_identification:_identify(CMakeFiles/branchforge_enhanced.dir/build/branchforge) by extensions ['python_setup_py']
[0.453s] Level 1:colcon.colcon_core.package_identification:_identify(CMakeFiles/branchforge_enhanced.dir/build/branchforge) by extension 'python_setup_py'
[0.453s] Level 1:colcon.colcon_core.package_identification:_identify(CMakeFiles/branchforge_enhanced.dir/src) by extensions ['ignore', 'ignore_ament_install']
[0.453s] Level 1:colcon.colcon_core.package_identification:_identify(CMakeFiles/branchforge_enhanced.dir/src) by extension 'ignore'
[0.453s] Level 1:colcon.colcon_core.package_identification:_identify(CMakeFiles/branchforge_enhanced.dir/src) by extension 'ignore_ament_install'
[0.453s] Level 1:colcon.colcon_core.package_identification:_identify(CMakeFiles/branchforge_enhanced.dir/src) by extensions ['colcon_pkg']
[0.454s] Level 1:colcon.colcon_core.package_identification:_identify(CMakeFiles/branchforge_enhanced.dir/src) by extension 'colcon_pkg'
[0.454s] Level 1:colcon.colcon_core.package_identification:_identify(CMakeFiles/branchforge_enhanced.dir/src) by extensions ['colcon_meta']
[0.454s] Level 1:colcon.colcon_core.package_identification:_identify(CMakeFiles/branchforge_enhanced.dir/src) by extension 'colcon_meta'
[0.454s] Level 1:colcon.colcon_core.package_identification:_identify(CMakeFiles/branchforge_enhanced.dir/src) by extensions ['ros']
[0.454s] Level 1:colcon.colcon_core.package_identification:_identify(CMakeFiles/branchforge_enhanced.dir/src) by extension 'ros'
[0.454s] Level 1:colcon.colcon_core.package_identification:_identify(CMakeFiles/branchforge_enhanced.dir/src) by extensions ['cmake', 'python']
[0.454s] Level 1:colcon.colcon_core.package_identification:_identify(CMakeFiles/branchforge_enhanced.dir/src) by extension 'cmake'
[0.454s] Level 1:colcon.colcon_core.package_identification:_identify(CMakeFiles/branchforge_enhanced.dir/src) by extension 'python'
[0.454s] Level 1:colcon.colcon_core.package_identification:_identify(CMakeFiles/branchforge_enhanced.dir/src) by extensions ['python_setup_py']
[0.454s] Level 1:colcon.colcon_core.package_identification:_identify(CMakeFiles/branchforge_enhanced.dir/src) by extension 'python_setup_py'
[0.454s] Level 1:colcon.colcon_core.package_identification:_identify(CMakeFiles/branchforge_enhanced.dir/src/core) by extensions ['ignore', 'ignore_ament_install']
[0.455s] Level 1:colcon.colcon_core.package_identification:_identify(CMakeFiles/branchforge_enhanced.dir/src/core) by extension 'ignore'
[0.455s] Level 1:colcon.colcon_core.package_identification:_identify(CMakeFiles/branchforge_enhanced.dir/src/core) by extension 'ignore_ament_install'
[0.455s] Level 1:colcon.colcon_core.package_identification:_identify(CMakeFiles/branchforge_enhanced.dir/src/core) by extensions ['colcon_pkg']
[0.455s] Level 1:colcon.colcon_core.package_identification:_identify(CMakeFiles/branchforge_enhanced.dir/src/core) by extension 'colcon_pkg'
[0.455s] Level 1:colcon.colcon_core.package_identification:_identify(CMakeFiles/branchforge_enhanced.dir/src/core) by extensions ['colcon_meta']
[0.455s] Level 1:colcon.colcon_core.package_identification:_identify(CMakeFiles/branchforge_enhanced.dir/src/core) by extension 'colcon_meta'
[0.455s] Level 1:colcon.colcon_core.package_identification:_identify(CMakeFiles/branchforge_enhanced.dir/src/core) by extensions ['ros']
[0.455s] Level 1:colcon.colcon_core.package_identification:_identify(CMakeFiles/branchforge_enhanced.dir/src/core) by extension 'ros'
[0.455s] Level 1:colcon.colcon_core.package_identification:_identify(CMakeFiles/branchforge_enhanced.dir/src/core) by extensions ['cmake', 'python']
[0.455s] Level 1:colcon.colcon_core.package_identification:_identify(CMakeFiles/branchforge_enhanced.dir/src/core) by extension 'cmake'
[0.455s] Level 1:colcon.colcon_core.package_identification:_identify(CMakeFiles/branchforge_enhanced.dir/src/core) by extension 'python'
[0.455s] Level 1:colcon.colcon_core.package_identification:_identify(CMakeFiles/branchforge_enhanced.dir/src/core) by extensions ['python_setup_py']
[0.455s] Level 1:colcon.colcon_core.package_identification:_identify(CMakeFiles/branchforge_enhanced.dir/src/core) by extension 'python_setup_py'
[0.456s] Level 1:colcon.colcon_core.package_identification:_identify(CMakeFiles/branchforge_enhanced.dir/src/monitoring) by extensions ['ignore', 'ignore_ament_install']
[0.456s] Level 1:colcon.colcon_core.package_identification:_identify(CMakeFiles/branchforge_enhanced.dir/src/monitoring) by extension 'ignore'
[0.456s] Level 1:colcon.colcon_core.package_identification:_identify(CMakeFiles/branchforge_enhanced.dir/src/monitoring) by extension 'ignore_ament_install'
[0.456s] Level 1:colcon.colcon_core.package_identification:_identify(CMakeFiles/branchforge_enhanced.dir/src/monitoring) by extensions ['colcon_pkg']
[0.456s] Level 1:colcon.colcon_core.package_identification:_identify(CMakeFiles/branchforge_enhanced.dir/src/monitoring) by extension 'colcon_pkg'
[0.456s] Level 1:colcon.colcon_core.package_identification:_identify(CMakeFiles/branchforge_enhanced.dir/src/monitoring) by extensions ['colcon_meta']
[0.456s] Level 1:colcon.colcon_core.package_identification:_identify(CMakeFiles/branchforge_enhanced.dir/src/monitoring) by extension 'colcon_meta'
[0.456s] Level 1:colcon.colcon_core.package_identification:_identify(CMakeFiles/branchforge_enhanced.dir/src/monitoring) by extensions ['ros']
[0.456s] Level 1:colcon.colcon_core.package_identification:_identify(CMakeFiles/branchforge_enhanced.dir/src/monitoring) by extension 'ros'
[0.456s] Level 1:colcon.colcon_core.package_identification:_identify(CMakeFiles/branchforge_enhanced.dir/src/monitoring) by extensions ['cmake', 'python']
[0.456s] Level 1:colcon.colcon_core.package_identification:_identify(CMakeFiles/branchforge_enhanced.dir/src/monitoring) by extension 'cmake'
[0.456s] Level 1:colcon.colcon_core.package_identification:_identify(CMakeFiles/branchforge_enhanced.dir/src/monitoring) by extension 'python'
[0.456s] Level 1:colcon.colcon_core.package_identification:_identify(CMakeFiles/branchforge_enhanced.dir/src/monitoring) by extensions ['python_setup_py']
[0.456s] Level 1:colcon.colcon_core.package_identification:_identify(CMakeFiles/branchforge_enhanced.dir/src/monitoring) by extension 'python_setup_py'
[0.456s] Level 1:colcon.colcon_core.package_identification:_identify(CMakeFiles/branchforge_enhanced.dir/src/nodes) by extensions ['ignore', 'ignore_ament_install']
[0.457s] Level 1:colcon.colcon_core.package_identification:_identify(CMakeFiles/branchforge_enhanced.dir/src/nodes) by extension 'ignore'
[0.457s] Level 1:colcon.colcon_core.package_identification:_identify(CMakeFiles/branchforge_enhanced.dir/src/nodes) by extension 'ignore_ament_install'
[0.457s] Level 1:colcon.colcon_core.package_identification:_identify(CMakeFiles/branchforge_enhanced.dir/src/nodes) by extensions ['colcon_pkg']
[0.457s] Level 1:colcon.colcon_core.package_identification:_identify(CMakeFiles/branchforge_enhanced.dir/src/nodes) by extension 'colcon_pkg'
[0.457s] Level 1:colcon.colcon_core.package_identification:_identify(CMakeFiles/branchforge_enhanced.dir/src/nodes) by extensions ['colcon_meta']
[0.457s] Level 1:colcon.colcon_core.package_identification:_identify(CMakeFiles/branchforge_enhanced.dir/src/nodes) by extension 'colcon_meta'
[0.457s] Level 1:colcon.colcon_core.package_identification:_identify(CMakeFiles/branchforge_enhanced.dir/src/nodes) by extensions ['ros']
[0.457s] Level 1:colcon.colcon_core.package_identification:_identify(CMakeFiles/branchforge_enhanced.dir/src/nodes) by extension 'ros'
[0.457s] Level 1:colcon.colcon_core.package_identification:_identify(CMakeFiles/branchforge_enhanced.dir/src/nodes) by extensions ['cmake', 'python']
[0.457s] Level 1:colcon.colcon_core.package_identification:_identify(CMakeFiles/branchforge_enhanced.dir/src/nodes) by extension 'cmake'
[0.457s] Level 1:colcon.colcon_core.package_identification:_identify(CMakeFiles/branchforge_enhanced.dir/src/nodes) by extension 'python'
[0.457s] Level 1:colcon.colcon_core.package_identification:_identify(CMakeFiles/branchforge_enhanced.dir/src/nodes) by extensions ['python_setup_py']
[0.457s] Level 1:colcon.colcon_core.package_identification:_identify(CMakeFiles/branchforge_enhanced.dir/src/nodes) by extension 'python_setup_py'
[0.457s] Level 1:colcon.colcon_core.package_identification:_identify(CMakeFiles/branchforge_enhanced.dir/src/project) by extensions ['ignore', 'ignore_ament_install']
[0.457s] Level 1:colcon.colcon_core.package_identification:_identify(CMakeFiles/branchforge_enhanced.dir/src/project) by extension 'ignore'
[0.457s] Level 1:colcon.colcon_core.package_identification:_identify(CMakeFiles/branchforge_enhanced.dir/src/project) by extension 'ignore_ament_install'
[0.457s] Level 1:colcon.colcon_core.package_identification:_identify(CMakeFiles/branchforge_enhanced.dir/src/project) by extensions ['colcon_pkg']
[0.458s] Level 1:colcon.colcon_core.package_identification:_identify(CMakeFiles/branchforge_enhanced.dir/src/project) by extension 'colcon_pkg'
[0.458s] Level 1:colcon.colcon_core.package_identification:_identify(CMakeFiles/branchforge_enhanced.dir/src/project) by extensions ['colcon_meta']
[0.458s] Level 1:colcon.colcon_core.package_identification:_identify(CMakeFiles/branchforge_enhanced.dir/src/project) by extension 'colcon_meta'
[0.458s] Level 1:colcon.colcon_core.package_identification:_identify(CMakeFiles/branchforge_enhanced.dir/src/project) by extensions ['ros']
[0.458s] Level 1:colcon.colcon_core.package_identification:_identify(CMakeFiles/branchforge_enhanced.dir/src/project) by extension 'ros'
[0.458s] Level 1:colcon.colcon_core.package_identification:_identify(CMakeFiles/branchforge_enhanced.dir/src/project) by extensions ['cmake', 'python']
[0.458s] Level 1:colcon.colcon_core.package_identification:_identify(CMakeFiles/branchforge_enhanced.dir/src/project) by extension 'cmake'
[0.458s] Level 1:colcon.colcon_core.package_identification:_identify(CMakeFiles/branchforge_enhanced.dir/src/project) by extension 'python'
[0.458s] Level 1:colcon.colcon_core.package_identification:_identify(CMakeFiles/branchforge_enhanced.dir/src/project) by extensions ['python_setup_py']
[0.458s] Level 1:colcon.colcon_core.package_identification:_identify(CMakeFiles/branchforge_enhanced.dir/src/project) by extension 'python_setup_py'
[0.458s] Level 1:colcon.colcon_core.package_identification:_identify(CMakeFiles/branchforge_enhanced.dir/src/recording) by extensions ['ignore', 'ignore_ament_install']
[0.458s] Level 1:colcon.colcon_core.package_identification:_identify(CMakeFiles/branchforge_enhanced.dir/src/recording) by extension 'ignore'
[0.458s] Level 1:colcon.colcon_core.package_identification:_identify(CMakeFiles/branchforge_enhanced.dir/src/recording) by extension 'ignore_ament_install'
[0.458s] Level 1:colcon.colcon_core.package_identification:_identify(CMakeFiles/branchforge_enhanced.dir/src/recording) by extensions ['colcon_pkg']
[0.458s] Level 1:colcon.colcon_core.package_identification:_identify(CMakeFiles/branchforge_enhanced.dir/src/recording) by extension 'colcon_pkg'
[0.458s] Level 1:colcon.colcon_core.package_identification:_identify(CMakeFiles/branchforge_enhanced.dir/src/recording) by extensions ['colcon_meta']
[0.459s] Level 1:colcon.colcon_core.package_identification:_identify(CMakeFiles/branchforge_enhanced.dir/src/recording) by extension 'colcon_meta'
[0.459s] Level 1:colcon.colcon_core.package_identification:_identify(CMakeFiles/branchforge_enhanced.dir/src/recording) by extensions ['ros']
[0.459s] Level 1:colcon.colcon_core.package_identification:_identify(CMakeFiles/branchforge_enhanced.dir/src/recording) by extension 'ros'
[0.459s] Level 1:colcon.colcon_core.package_identification:_identify(CMakeFiles/branchforge_enhanced.dir/src/recording) by extensions ['cmake', 'python']
[0.459s] Level 1:colcon.colcon_core.package_identification:_identify(CMakeFiles/branchforge_enhanced.dir/src/recording) by extension 'cmake'
[0.459s] Level 1:colcon.colcon_core.package_identification:_identify(CMakeFiles/branchforge_enhanced.dir/src/recording) by extension 'python'
[0.459s] Level 1:colcon.colcon_core.package_identification:_identify(CMakeFiles/branchforge_enhanced.dir/src/recording) by extensions ['python_setup_py']
[0.459s] Level 1:colcon.colcon_core.package_identification:_identify(CMakeFiles/branchforge_enhanced.dir/src/recording) by extension 'python_setup_py'
[0.459s] Level 1:colcon.colcon_core.package_identification:_identify(CMakeFiles/branchforge_enhanced.dir/src/ros2) by extensions ['ignore', 'ignore_ament_install']
[0.459s] Level 1:colcon.colcon_core.package_identification:_identify(CMakeFiles/branchforge_enhanced.dir/src/ros2) by extension 'ignore'
[0.459s] Level 1:colcon.colcon_core.package_identification:_identify(CMakeFiles/branchforge_enhanced.dir/src/ros2) by extension 'ignore_ament_install'
[0.459s] Level 1:colcon.colcon_core.package_identification:_identify(CMakeFiles/branchforge_enhanced.dir/src/ros2) by extensions ['colcon_pkg']
[0.459s] Level 1:colcon.colcon_core.package_identification:_identify(CMakeFiles/branchforge_enhanced.dir/src/ros2) by extension 'colcon_pkg'
[0.459s] Level 1:colcon.colcon_core.package_identification:_identify(CMakeFiles/branchforge_enhanced.dir/src/ros2) by extensions ['colcon_meta']
[0.459s] Level 1:colcon.colcon_core.package_identification:_identify(CMakeFiles/branchforge_enhanced.dir/src/ros2) by extension 'colcon_meta'
[0.459s] Level 1:colcon.colcon_core.package_identification:_identify(CMakeFiles/branchforge_enhanced.dir/src/ros2) by extensions ['ros']
[0.459s] Level 1:colcon.colcon_core.package_identification:_identify(CMakeFiles/branchforge_enhanced.dir/src/ros2) by extension 'ros'
[0.459s] Level 1:colcon.colcon_core.package_identification:_identify(CMakeFiles/branchforge_enhanced.dir/src/ros2) by extensions ['cmake', 'python']
[0.459s] Level 1:colcon.colcon_core.package_identification:_identify(CMakeFiles/branchforge_enhanced.dir/src/ros2) by extension 'cmake'
[0.459s] Level 1:colcon.colcon_core.package_identification:_identify(CMakeFiles/branchforge_enhanced.dir/src/ros2) by extension 'python'
[0.460s] Level 1:colcon.colcon_core.package_identification:_identify(CMakeFiles/branchforge_enhanced.dir/src/ros2) by extensions ['python_setup_py']
[0.460s] Level 1:colcon.colcon_core.package_identification:_identify(CMakeFiles/branchforge_enhanced.dir/src/ros2) by extension 'python_setup_py'
[0.460s] Level 1:colcon.colcon_core.package_identification:_identify(CMakeFiles/branchforge_enhanced.dir/src/ui) by extensions ['ignore', 'ignore_ament_install']
[0.460s] Level 1:colcon.colcon_core.package_identification:_identify(CMakeFiles/branchforge_enhanced.dir/src/ui) by extension 'ignore'
[0.460s] Level 1:colcon.colcon_core.package_identification:_identify(CMakeFiles/branchforge_enhanced.dir/src/ui) by extension 'ignore_ament_install'
[0.460s] Level 1:colcon.colcon_core.package_identification:_identify(CMakeFiles/branchforge_enhanced.dir/src/ui) by extensions ['colcon_pkg']
[0.460s] Level 1:colcon.colcon_core.package_identification:_identify(CMakeFiles/branchforge_enhanced.dir/src/ui) by extension 'colcon_pkg'
[0.460s] Level 1:colcon.colcon_core.package_identification:_identify(CMakeFiles/branchforge_enhanced.dir/src/ui) by extensions ['colcon_meta']
[0.460s] Level 1:colcon.colcon_core.package_identification:_identify(CMakeFiles/branchforge_enhanced.dir/src/ui) by extension 'colcon_meta'
[0.460s] Level 1:colcon.colcon_core.package_identification:_identify(CMakeFiles/branchforge_enhanced.dir/src/ui) by extensions ['ros']
[0.460s] Level 1:colcon.colcon_core.package_identification:_identify(CMakeFiles/branchforge_enhanced.dir/src/ui) by extension 'ros'
[0.460s] Level 1:colcon.colcon_core.package_identification:_identify(CMakeFiles/branchforge_enhanced.dir/src/ui) by extensions ['cmake', 'python']
[0.460s] Level 1:colcon.colcon_core.package_identification:_identify(CMakeFiles/branchforge_enhanced.dir/src/ui) by extension 'cmake'
[0.460s] Level 1:colcon.colcon_core.package_identification:_identify(CMakeFiles/branchforge_enhanced.dir/src/ui) by extension 'python'
[0.460s] Level 1:colcon.colcon_core.package_identification:_identify(CMakeFiles/branchforge_enhanced.dir/src/ui) by extensions ['python_setup_py']
[0.460s] Level 1:colcon.colcon_core.package_identification:_identify(CMakeFiles/branchforge_enhanced.dir/src/ui) by extension 'python_setup_py'
[0.460s] Level 1:colcon.colcon_core.package_identification:_identify(CMakeFiles/branchforge_enhanced.dir/src/visualization) by extensions ['ignore', 'ignore_ament_install']
[0.461s] Level 1:colcon.colcon_core.package_identification:_identify(CMakeFiles/branchforge_enhanced.dir/src/visualization) by extension 'ignore'
[0.461s] Level 1:colcon.colcon_core.package_identification:_identify(CMakeFiles/branchforge_enhanced.dir/src/visualization) by extension 'ignore_ament_install'
[0.461s] Level 1:colcon.colcon_core.package_identification:_identify(CMakeFiles/branchforge_enhanced.dir/src/visualization) by extensions ['colcon_pkg']
[0.461s] Level 1:colcon.colcon_core.package_identification:_identify(CMakeFiles/branchforge_enhanced.dir/src/visualization) by extension 'colcon_pkg'
[0.461s] Level 1:colcon.colcon_core.package_identification:_identify(CMakeFiles/branchforge_enhanced.dir/src/visualization) by extensions ['colcon_meta']
[0.461s] Level 1:colcon.colcon_core.package_identification:_identify(CMakeFiles/branchforge_enhanced.dir/src/visualization) by extension 'colcon_meta'
[0.461s] Level 1:colcon.colcon_core.package_identification:_identify(CMakeFiles/branchforge_enhanced.dir/src/visualization) by extensions ['ros']
[0.461s] Level 1:colcon.colcon_core.package_identification:_identify(CMakeFiles/branchforge_enhanced.dir/src/visualization) by extension 'ros'
[0.461s] Level 1:colcon.colcon_core.package_identification:_identify(CMakeFiles/branchforge_enhanced.dir/src/visualization) by extensions ['cmake', 'python']
[0.461s] Level 1:colcon.colcon_core.package_identification:_identify(CMakeFiles/branchforge_enhanced.dir/src/visualization) by extension 'cmake'
[0.461s] Level 1:colcon.colcon_core.package_identification:_identify(CMakeFiles/branchforge_enhanced.dir/src/visualization) by extension 'python'
[0.461s] Level 1:colcon.colcon_core.package_identification:_identify(CMakeFiles/branchforge_enhanced.dir/src/visualization) by extensions ['python_setup_py']
[0.461s] Level 1:colcon.colcon_core.package_identification:_identify(CMakeFiles/branchforge_enhanced.dir/src/visualization) by extension 'python_setup_py'
[0.462s] Level 1:colcon.colcon_core.package_identification:_identify(CMakeFiles/branchforge_enhanced_autogen.dir) by extensions ['ignore', 'ignore_ament_install']
[0.462s] Level 1:colcon.colcon_core.package_identification:_identify(CMakeFiles/branchforge_enhanced_autogen.dir) by extension 'ignore'
[0.462s] Level 1:colcon.colcon_core.package_identification:_identify(CMakeFiles/branchforge_enhanced_autogen.dir) by extension 'ignore_ament_install'
[0.462s] Level 1:colcon.colcon_core.package_identification:_identify(CMakeFiles/branchforge_enhanced_autogen.dir) by extensions ['colcon_pkg']
[0.462s] Level 1:colcon.colcon_core.package_identification:_identify(CMakeFiles/branchforge_enhanced_autogen.dir) by extension 'colcon_pkg'
[0.462s] Level 1:colcon.colcon_core.package_identification:_identify(CMakeFiles/branchforge_enhanced_autogen.dir) by extensions ['colcon_meta']
[0.462s] Level 1:colcon.colcon_core.package_identification:_identify(CMakeFiles/branchforge_enhanced_autogen.dir) by extension 'colcon_meta'
[0.462s] Level 1:colcon.colcon_core.package_identification:_identify(CMakeFiles/branchforge_enhanced_autogen.dir) by extensions ['ros']
[0.462s] Level 1:colcon.colcon_core.package_identification:_identify(CMakeFiles/branchforge_enhanced_autogen.dir) by extension 'ros'
[0.462s] Level 1:colcon.colcon_core.package_identification:_identify(CMakeFiles/branchforge_enhanced_autogen.dir) by extensions ['cmake', 'python']
[0.462s] Level 1:colcon.colcon_core.package_identification:_identify(CMakeFiles/branchforge_enhanced_autogen.dir) by extension 'cmake'
[0.462s] Level 1:colcon.colcon_core.package_identification:_identify(CMakeFiles/branchforge_enhanced_autogen.dir) by extension 'python'
[0.462s] Level 1:colcon.colcon_core.package_identification:_identify(CMakeFiles/branchforge_enhanced_autogen.dir) by extensions ['python_setup_py']
[0.462s] Level 1:colcon.colcon_core.package_identification:_identify(CMakeFiles/branchforge_enhanced_autogen.dir) by extension 'python_setup_py'
[0.462s] Level 1:colcon.colcon_core.package_identification:_identify(CMakeFiles/branchforge_enhanced_autogen_timestamp_deps.dir) by extensions ['ignore', 'ignore_ament_install']
[0.463s] Level 1:colcon.colcon_core.package_identification:_identify(CMakeFiles/branchforge_enhanced_autogen_timestamp_deps.dir) by extension 'ignore'
[0.463s] Level 1:colcon.colcon_core.package_identification:_identify(CMakeFiles/branchforge_enhanced_autogen_timestamp_deps.dir) by extension 'ignore_ament_install'
[0.463s] Level 1:colcon.colcon_core.package_identification:_identify(CMakeFiles/branchforge_enhanced_autogen_timestamp_deps.dir) by extensions ['colcon_pkg']
[0.463s] Level 1:colcon.colcon_core.package_identification:_identify(CMakeFiles/branchforge_enhanced_autogen_timestamp_deps.dir) by extension 'colcon_pkg'
[0.463s] Level 1:colcon.colcon_core.package_identification:_identify(CMakeFiles/branchforge_enhanced_autogen_timestamp_deps.dir) by extensions ['colcon_meta']
[0.463s] Level 1:colcon.colcon_core.package_identification:_identify(CMakeFiles/branchforge_enhanced_autogen_timestamp_deps.dir) by extension 'colcon_meta'
[0.463s] Level 1:colcon.colcon_core.package_identification:_identify(CMakeFiles/branchforge_enhanced_autogen_timestamp_deps.dir) by extensions ['ros']
[0.463s] Level 1:colcon.colcon_core.package_identification:_identify(CMakeFiles/branchforge_enhanced_autogen_timestamp_deps.dir) by extension 'ros'
[0.463s] Level 1:colcon.colcon_core.package_identification:_identify(CMakeFiles/branchforge_enhanced_autogen_timestamp_deps.dir) by extensions ['cmake', 'python']
[0.463s] Level 1:colcon.colcon_core.package_identification:_identify(CMakeFiles/branchforge_enhanced_autogen_timestamp_deps.dir) by extension 'cmake'
[0.463s] Level 1:colcon.colcon_core.package_identification:_identify(CMakeFiles/branchforge_enhanced_autogen_timestamp_deps.dir) by extension 'python'
[0.464s] Level 1:colcon.colcon_core.package_identification:_identify(CMakeFiles/branchforge_enhanced_autogen_timestamp_deps.dir) by extensions ['python_setup_py']
[0.464s] Level 1:colcon.colcon_core.package_identification:_identify(CMakeFiles/branchforge_enhanced_autogen_timestamp_deps.dir) by extension 'python_setup_py'
[0.464s] Level 1:colcon.colcon_core.package_identification:_identify(CMakeFiles/branchforge_enhanced_other_files.dir) by extensions ['ignore', 'ignore_ament_install']
[0.464s] Level 1:colcon.colcon_core.package_identification:_identify(CMakeFiles/branchforge_enhanced_other_files.dir) by extension 'ignore'
[0.464s] Level 1:colcon.colcon_core.package_identification:_identify(CMakeFiles/branchforge_enhanced_other_files.dir) by extension 'ignore_ament_install'
[0.464s] Level 1:colcon.colcon_core.package_identification:_identify(CMakeFiles/branchforge_enhanced_other_files.dir) by extensions ['colcon_pkg']
[0.464s] Level 1:colcon.colcon_core.package_identification:_identify(CMakeFiles/branchforge_enhanced_other_files.dir) by extension 'colcon_pkg'
[0.464s] Level 1:colcon.colcon_core.package_identification:_identify(CMakeFiles/branchforge_enhanced_other_files.dir) by extensions ['colcon_meta']
[0.464s] Level 1:colcon.colcon_core.package_identification:_identify(CMakeFiles/branchforge_enhanced_other_files.dir) by extension 'colcon_meta'
[0.464s] Level 1:colcon.colcon_core.package_identification:_identify(CMakeFiles/branchforge_enhanced_other_files.dir) by extensions ['ros']
[0.464s] Level 1:colcon.colcon_core.package_identification:_identify(CMakeFiles/branchforge_enhanced_other_files.dir) by extension 'ros'
[0.464s] Level 1:colcon.colcon_core.package_identification:_identify(CMakeFiles/branchforge_enhanced_other_files.dir) by extensions ['cmake', 'python']
[0.465s] Level 1:colcon.colcon_core.package_identification:_identify(CMakeFiles/branchforge_enhanced_other_files.dir) by extension 'cmake'
[0.465s] Level 1:colcon.colcon_core.package_identification:_identify(CMakeFiles/branchforge_enhanced_other_files.dir) by extension 'python'
[0.465s] Level 1:colcon.colcon_core.package_identification:_identify(CMakeFiles/branchforge_enhanced_other_files.dir) by extensions ['python_setup_py']
[0.465s] Level 1:colcon.colcon_core.package_identification:_identify(CMakeFiles/branchforge_enhanced_other_files.dir) by extension 'python_setup_py'
[0.465s] Level 1:colcon.colcon_core.package_identification:_identify(CMakeFiles/branchforge_enhanced_qmlimportscan.dir) by extensions ['ignore', 'ignore_ament_install']
[0.465s] Level 1:colcon.colcon_core.package_identification:_identify(CMakeFiles/branchforge_enhanced_qmlimportscan.dir) by extension 'ignore'
[0.465s] Level 1:colcon.colcon_core.package_identification:_identify(CMakeFiles/branchforge_enhanced_qmlimportscan.dir) by extension 'ignore_ament_install'
[0.466s] Level 1:colcon.colcon_core.package_identification:_identify(CMakeFiles/branchforge_enhanced_qmlimportscan.dir) by extensions ['colcon_pkg']
[0.466s] Level 1:colcon.colcon_core.package_identification:_identify(CMakeFiles/branchforge_enhanced_qmlimportscan.dir) by extension 'colcon_pkg'
[0.466s] Level 1:colcon.colcon_core.package_identification:_identify(CMakeFiles/branchforge_enhanced_qmlimportscan.dir) by extensions ['colcon_meta']
[0.466s] Level 1:colcon.colcon_core.package_identification:_identify(CMakeFiles/branchforge_enhanced_qmlimportscan.dir) by extension 'colcon_meta'
[0.466s] Level 1:colcon.colcon_core.package_identification:_identify(CMakeFiles/branchforge_enhanced_qmlimportscan.dir) by extensions ['ros']
[0.466s] Level 1:colcon.colcon_core.package_identification:_identify(CMakeFiles/branchforge_enhanced_qmlimportscan.dir) by extension 'ros'
[0.466s] Level 1:colcon.colcon_core.package_identification:_identify(CMakeFiles/branchforge_enhanced_qmlimportscan.dir) by extensions ['cmake', 'python']
[0.466s] Level 1:colcon.colcon_core.package_identification:_identify(CMakeFiles/branchforge_enhanced_qmlimportscan.dir) by extension 'cmake'
[0.466s] Level 1:colcon.colcon_core.package_identification:_identify(CMakeFiles/branchforge_enhanced_qmlimportscan.dir) by extension 'python'
[0.466s] Level 1:colcon.colcon_core.package_identification:_identify(CMakeFiles/branchforge_enhanced_qmlimportscan.dir) by extensions ['python_setup_py']
[0.466s] Level 1:colcon.colcon_core.package_identification:_identify(CMakeFiles/branchforge_enhanced_qmlimportscan.dir) by extension 'python_setup_py'
[0.467s] Level 1:colcon.colcon_core.package_identification:_identify(CMakeFiles/pkgRedirects) by extensions ['ignore', 'ignore_ament_install']
[0.467s] Level 1:colcon.colcon_core.package_identification:_identify(CMakeFiles/pkgRedirects) by extension 'ignore'
[0.467s] Level 1:colcon.colcon_core.package_identification:_identify(CMakeFiles/pkgRedirects) by extension 'ignore_ament_install'
[0.467s] Level 1:colcon.colcon_core.package_identification:_identify(CMakeFiles/pkgRedirects) by extensions ['colcon_pkg']
[0.467s] Level 1:colcon.colcon_core.package_identification:_identify(CMakeFiles/pkgRedirects) by extension 'colcon_pkg'
[0.467s] Level 1:colcon.colcon_core.package_identification:_identify(CMakeFiles/pkgRedirects) by extensions ['colcon_meta']
[0.467s] Level 1:colcon.colcon_core.package_identification:_identify(CMakeFiles/pkgRedirects) by extension 'colcon_meta'
[0.467s] Level 1:colcon.colcon_core.package_identification:_identify(CMakeFiles/pkgRedirects) by extensions ['ros']
[0.467s] Level 1:colcon.colcon_core.package_identification:_identify(CMakeFiles/pkgRedirects) by extension 'ros'
[0.467s] Level 1:colcon.colcon_core.package_identification:_identify(CMakeFiles/pkgRedirects) by extensions ['cmake', 'python']
[0.467s] Level 1:colcon.colcon_core.package_identification:_identify(CMakeFiles/pkgRedirects) by extension 'cmake'
[0.468s] Level 1:colcon.colcon_core.package_identification:_identify(CMakeFiles/pkgRedirects) by extension 'python'
[0.468s] Level 1:colcon.colcon_core.package_identification:_identify(CMakeFiles/pkgRedirects) by extensions ['python_setup_py']
[0.468s] Level 1:colcon.colcon_core.package_identification:_identify(CMakeFiles/pkgRedirects) by extension 'python_setup_py'
[0.468s] Level 1:colcon.colcon_core.package_identification:_identify(branchforge_enhanced_autogen) by extensions ['ignore', 'ignore_ament_install']
[0.468s] Level 1:colcon.colcon_core.package_identification:_identify(branchforge_enhanced_autogen) by extension 'ignore'
[0.468s] Level 1:colcon.colcon_core.package_identification:_identify(branchforge_enhanced_autogen) by extension 'ignore_ament_install'
[0.468s] Level 1:colcon.colcon_core.package_identification:_identify(branchforge_enhanced_autogen) by extensions ['colcon_pkg']
[0.468s] Level 1:colcon.colcon_core.package_identification:_identify(branchforge_enhanced_autogen) by extension 'colcon_pkg'
[0.468s] Level 1:colcon.colcon_core.package_identification:_identify(branchforge_enhanced_autogen) by extensions ['colcon_meta']
[0.468s] Level 1:colcon.colcon_core.package_identification:_identify(branchforge_enhanced_autogen) by extension 'colcon_meta'
[0.468s] Level 1:colcon.colcon_core.package_identification:_identify(branchforge_enhanced_autogen) by extensions ['ros']
[0.468s] Level 1:colcon.colcon_core.package_identification:_identify(branchforge_enhanced_autogen) by extension 'ros'
[0.469s] Level 1:colcon.colcon_core.package_identification:_identify(branchforge_enhanced_autogen) by extensions ['cmake', 'python']
[0.469s] Level 1:colcon.colcon_core.package_identification:_identify(branchforge_enhanced_autogen) by extension 'cmake'
[0.469s] Level 1:colcon.colcon_core.package_identification:_identify(branchforge_enhanced_autogen) by extension 'python'
[0.470s] Level 1:colcon.colcon_core.package_identification:_identify(branchforge_enhanced_autogen) by extensions ['python_setup_py']
[0.470s] Level 1:colcon.colcon_core.package_identification:_identify(branchforge_enhanced_autogen) by extension 'python_setup_py'
[0.470s] Level 1:colcon.colcon_core.package_identification:_identify(branchforge_enhanced_autogen/3Q5D754IUN) by extensions ['ignore', 'ignore_ament_install']
[0.471s] Level 1:colcon.colcon_core.package_identification:_identify(branchforge_enhanced_autogen/3Q5D754IUN) by extension 'ignore'
[0.471s] Level 1:colcon.colcon_core.package_identification:_identify(branchforge_enhanced_autogen/3Q5D754IUN) by extension 'ignore_ament_install'
[0.471s] Level 1:colcon.colcon_core.package_identification:_identify(branchforge_enhanced_autogen/3Q5D754IUN) by extensions ['colcon_pkg']
[0.471s] Level 1:colcon.colcon_core.package_identification:_identify(branchforge_enhanced_autogen/3Q5D754IUN) by extension 'colcon_pkg'
[0.471s] Level 1:colcon.colcon_core.package_identification:_identify(branchforge_enhanced_autogen/3Q5D754IUN) by extensions ['colcon_meta']
[0.471s] Level 1:colcon.colcon_core.package_identification:_identify(branchforge_enhanced_autogen/3Q5D754IUN) by extension 'colcon_meta'
[0.472s] Level 1:colcon.colcon_core.package_identification:_identify(branchforge_enhanced_autogen/3Q5D754IUN) by extensions ['ros']
[0.472s] Level 1:colcon.colcon_core.package_identification:_identify(branchforge_enhanced_autogen/3Q5D754IUN) by extension 'ros'
[0.472s] Level 1:colcon.colcon_core.package_identification:_identify(branchforge_enhanced_autogen/3Q5D754IUN) by extensions ['cmake', 'python']
[0.472s] Level 1:colcon.colcon_core.package_identification:_identify(branchforge_enhanced_autogen/3Q5D754IUN) by extension 'cmake'
[0.472s] Level 1:colcon.colcon_core.package_identification:_identify(branchforge_enhanced_autogen/3Q5D754IUN) by extension 'python'
[0.473s] Level 1:colcon.colcon_core.package_identification:_identify(branchforge_enhanced_autogen/3Q5D754IUN) by extensions ['python_setup_py']
[0.473s] Level 1:colcon.colcon_core.package_identification:_identify(branchforge_enhanced_autogen/3Q5D754IUN) by extension 'python_setup_py'
[0.473s] Level 1:colcon.colcon_core.package_identification:_identify(branchforge_enhanced_autogen/4FUEZNKSHM) by extensions ['ignore', 'ignore_ament_install']
[0.473s] Level 1:colcon.colcon_core.package_identification:_identify(branchforge_enhanced_autogen/4FUEZNKSHM) by extension 'ignore'
[0.473s] Level 1:colcon.colcon_core.package_identification:_identify(branchforge_enhanced_autogen/4FUEZNKSHM) by extension 'ignore_ament_install'
[0.474s] Level 1:colcon.colcon_core.package_identification:_identify(branchforge_enhanced_autogen/4FUEZNKSHM) by extensions ['colcon_pkg']
[0.474s] Level 1:colcon.colcon_core.package_identification:_identify(branchforge_enhanced_autogen/4FUEZNKSHM) by extension 'colcon_pkg'
[0.474s] Level 1:colcon.colcon_core.package_identification:_identify(branchforge_enhanced_autogen/4FUEZNKSHM) by extensions ['colcon_meta']
[0.474s] Level 1:colcon.colcon_core.package_identification:_identify(branchforge_enhanced_autogen/4FUEZNKSHM) by extension 'colcon_meta'
[0.474s] Level 1:colcon.colcon_core.package_identification:_identify(branchforge_enhanced_autogen/4FUEZNKSHM) by extensions ['ros']
[0.474s] Level 1:colcon.colcon_core.package_identification:_identify(branchforge_enhanced_autogen/4FUEZNKSHM) by extension 'ros'
[0.474s] Level 1:colcon.colcon_core.package_identification:_identify(branchforge_enhanced_autogen/4FUEZNKSHM) by extensions ['cmake', 'python']
[0.474s] Level 1:colcon.colcon_core.package_identification:_identify(branchforge_enhanced_autogen/4FUEZNKSHM) by extension 'cmake'
[0.474s] Level 1:colcon.colcon_core.package_identification:_identify(branchforge_enhanced_autogen/4FUEZNKSHM) by extension 'python'
[0.474s] Level 1:colcon.colcon_core.package_identification:_identify(branchforge_enhanced_autogen/4FUEZNKSHM) by extensions ['python_setup_py']
[0.474s] Level 1:colcon.colcon_core.package_identification:_identify(branchforge_enhanced_autogen/4FUEZNKSHM) by extension 'python_setup_py'
[0.474s] Level 1:colcon.colcon_core.package_identification:_identify(branchforge_enhanced_autogen/JCP2AIONHY) by extensions ['ignore', 'ignore_ament_install']
[0.475s] Level 1:colcon.colcon_core.package_identification:_identify(branchforge_enhanced_autogen/JCP2AIONHY) by extension 'ignore'
[0.475s] Level 1:colcon.colcon_core.package_identification:_identify(branchforge_enhanced_autogen/JCP2AIONHY) by extension 'ignore_ament_install'
[0.475s] Level 1:colcon.colcon_core.package_identification:_identify(branchforge_enhanced_autogen/JCP2AIONHY) by extensions ['colcon_pkg']
[0.475s] Level 1:colcon.colcon_core.package_identification:_identify(branchforge_enhanced_autogen/JCP2AIONHY) by extension 'colcon_pkg'
[0.475s] Level 1:colcon.colcon_core.package_identification:_identify(branchforge_enhanced_autogen/JCP2AIONHY) by extensions ['colcon_meta']
[0.475s] Level 1:colcon.colcon_core.package_identification:_identify(branchforge_enhanced_autogen/JCP2AIONHY) by extension 'colcon_meta'
[0.475s] Level 1:colcon.colcon_core.package_identification:_identify(branchforge_enhanced_autogen/JCP2AIONHY) by extensions ['ros']
[0.475s] Level 1:colcon.colcon_core.package_identification:_identify(branchforge_enhanced_autogen/JCP2AIONHY) by extension 'ros'
[0.476s] Level 1:colcon.colcon_core.package_identification:_identify(branchforge_enhanced_autogen/JCP2AIONHY) by extensions ['cmake', 'python']
[0.476s] Level 1:colcon.colcon_core.package_identification:_identify(branchforge_enhanced_autogen/JCP2AIONHY) by extension 'cmake'
[0.476s] Level 1:colcon.colcon_core.package_identification:_identify(branchforge_enhanced_autogen/JCP2AIONHY) by extension 'python'
[0.476s] Level 1:colcon.colcon_core.package_identification:_identify(branchforge_enhanced_autogen/JCP2AIONHY) by extensions ['python_setup_py']
[0.476s] Level 1:colcon.colcon_core.package_identification:_identify(branchforge_enhanced_autogen/JCP2AIONHY) by extension 'python_setup_py'
[0.477s] Level 1:colcon.colcon_core.package_identification:_identify(branchforge_enhanced_autogen/K7U2THO6V7) by extensions ['ignore', 'ignore_ament_install']
[0.477s] Level 1:colcon.colcon_core.package_identification:_identify(branchforge_enhanced_autogen/K7U2THO6V7) by extension 'ignore'
[0.477s] Level 1:colcon.colcon_core.package_identification:_identify(branchforge_enhanced_autogen/K7U2THO6V7) by extension 'ignore_ament_install'
[0.477s] Level 1:colcon.colcon_core.package_identification:_identify(branchforge_enhanced_autogen/K7U2THO6V7) by extensions ['colcon_pkg']
[0.477s] Level 1:colcon.colcon_core.package_identification:_identify(branchforge_enhanced_autogen/K7U2THO6V7) by extension 'colcon_pkg'
[0.477s] Level 1:colcon.colcon_core.package_identification:_identify(branchforge_enhanced_autogen/K7U2THO6V7) by extensions ['colcon_meta']
[0.478s] Level 1:colcon.colcon_core.package_identification:_identify(branchforge_enhanced_autogen/K7U2THO6V7) by extension 'colcon_meta'
[0.478s] Level 1:colcon.colcon_core.package_identification:_identify(branchforge_enhanced_autogen/K7U2THO6V7) by extensions ['ros']
[0.478s] Level 1:colcon.colcon_core.package_identification:_identify(branchforge_enhanced_autogen/K7U2THO6V7) by extension 'ros'
[0.478s] Level 1:colcon.colcon_core.package_identification:_identify(branchforge_enhanced_autogen/K7U2THO6V7) by extensions ['cmake', 'python']
[0.478s] Level 1:colcon.colcon_core.package_identification:_identify(branchforge_enhanced_autogen/K7U2THO6V7) by extension 'cmake'
[0.478s] Level 1:colcon.colcon_core.package_identification:_identify(branchforge_enhanced_autogen/K7U2THO6V7) by extension 'python'
[0.479s] Level 1:colcon.colcon_core.package_identification:_identify(branchforge_enhanced_autogen/K7U2THO6V7) by extensions ['python_setup_py']
[0.479s] Level 1:colcon.colcon_core.package_identification:_identify(branchforge_enhanced_autogen/K7U2THO6V7) by extension 'python_setup_py'
[0.479s] Level 1:colcon.colcon_core.package_identification:_identify(branchforge_enhanced_autogen/QD4VZUV5DM) by extensions ['ignore', 'ignore_ament_install']
[0.479s] Level 1:colcon.colcon_core.package_identification:_identify(branchforge_enhanced_autogen/QD4VZUV5DM) by extension 'ignore'
[0.479s] Level 1:colcon.colcon_core.package_identification:_identify(branchforge_enhanced_autogen/QD4VZUV5DM) by extension 'ignore_ament_install'
[0.480s] Level 1:colcon.colcon_core.package_identification:_identify(branchforge_enhanced_autogen/QD4VZUV5DM) by extensions ['colcon_pkg']
[0.480s] Level 1:colcon.colcon_core.package_identification:_identify(branchforge_enhanced_autogen/QD4VZUV5DM) by extension 'colcon_pkg'
[0.480s] Level 1:colcon.colcon_core.package_identification:_identify(branchforge_enhanced_autogen/QD4VZUV5DM) by extensions ['colcon_meta']
[0.480s] Level 1:colcon.colcon_core.package_identification:_identify(branchforge_enhanced_autogen/QD4VZUV5DM) by extension 'colcon_meta'
[0.480s] Level 1:colcon.colcon_core.package_identification:_identify(branchforge_enhanced_autogen/QD4VZUV5DM) by extensions ['ros']
[0.480s] Level 1:colcon.colcon_core.package_identification:_identify(branchforge_enhanced_autogen/QD4VZUV5DM) by extension 'ros'
[0.481s] Level 1:colcon.colcon_core.package_identification:_identify(branchforge_enhanced_autogen/QD4VZUV5DM) by extensions ['cmake', 'python']
[0.481s] Level 1:colcon.colcon_core.package_identification:_identify(branchforge_enhanced_autogen/QD4VZUV5DM) by extension 'cmake'
[0.481s] Level 1:colcon.colcon_core.package_identification:_identify(branchforge_enhanced_autogen/QD4VZUV5DM) by extension 'python'
[0.481s] Level 1:colcon.colcon_core.package_identification:_identify(branchforge_enhanced_autogen/QD4VZUV5DM) by extensions ['python_setup_py']
[0.481s] Level 1:colcon.colcon_core.package_identification:_identify(branchforge_enhanced_autogen/QD4VZUV5DM) by extension 'python_setup_py'
[0.481s] Level 1:colcon.colcon_core.package_identification:_identify(branchforge_enhanced_autogen/WLQGO73KP3) by extensions ['ignore', 'ignore_ament_install']
[0.482s] Level 1:colcon.colcon_core.package_identification:_identify(branchforge_enhanced_autogen/WLQGO73KP3) by extension 'ignore'
[0.482s] Level 1:colcon.colcon_core.package_identification:_identify(branchforge_enhanced_autogen/WLQGO73KP3) by extension 'ignore_ament_install'
[0.482s] Level 1:colcon.colcon_core.package_identification:_identify(branchforge_enhanced_autogen/WLQGO73KP3) by extensions ['colcon_pkg']
[0.482s] Level 1:colcon.colcon_core.package_identification:_identify(branchforge_enhanced_autogen/WLQGO73KP3) by extension 'colcon_pkg'
[0.482s] Level 1:colcon.colcon_core.package_identification:_identify(branchforge_enhanced_autogen/WLQGO73KP3) by extensions ['colcon_meta']
[0.482s] Level 1:colcon.colcon_core.package_identification:_identify(branchforge_enhanced_autogen/WLQGO73KP3) by extension 'colcon_meta'
[0.483s] Level 1:colcon.colcon_core.package_identification:_identify(branchforge_enhanced_autogen/WLQGO73KP3) by extensions ['ros']
[0.483s] Level 1:colcon.colcon_core.package_identification:_identify(branchforge_enhanced_autogen/WLQGO73KP3) by extension 'ros'
[0.483s] Level 1:colcon.colcon_core.package_identification:_identify(branchforge_enhanced_autogen/WLQGO73KP3) by extensions ['cmake', 'python']
[0.483s] Level 1:colcon.colcon_core.package_identification:_identify(branchforge_enhanced_autogen/WLQGO73KP3) by extension 'cmake'
[0.483s] Level 1:colcon.colcon_core.package_identification:_identify(branchforge_enhanced_autogen/WLQGO73KP3) by extension 'python'
[0.483s] Level 1:colcon.colcon_core.package_identification:_identify(branchforge_enhanced_autogen/WLQGO73KP3) by extensions ['python_setup_py']
[0.484s] Level 1:colcon.colcon_core.package_identification:_identify(branchforge_enhanced_autogen/WLQGO73KP3) by extension 'python_setup_py'
[0.484s] Level 1:colcon.colcon_core.package_identification:_identify(branchforge_enhanced_autogen/YQ6IUZR2IF) by extensions ['ignore', 'ignore_ament_install']
[0.484s] Level 1:colcon.colcon_core.package_identification:_identify(branchforge_enhanced_autogen/YQ6IUZR2IF) by extension 'ignore'
[0.484s] Level 1:colcon.colcon_core.package_identification:_identify(branchforge_enhanced_autogen/YQ6IUZR2IF) by extension 'ignore_ament_install'
[0.485s] Level 1:colcon.colcon_core.package_identification:_identify(branchforge_enhanced_autogen/YQ6IUZR2IF) by extensions ['colcon_pkg']
[0.485s] Level 1:colcon.colcon_core.package_identification:_identify(branchforge_enhanced_autogen/YQ6IUZR2IF) by extension 'colcon_pkg'
[0.485s] Level 1:colcon.colcon_core.package_identification:_identify(branchforge_enhanced_autogen/YQ6IUZR2IF) by extensions ['colcon_meta']
[0.485s] Level 1:colcon.colcon_core.package_identification:_identify(branchforge_enhanced_autogen/YQ6IUZR2IF) by extension 'colcon_meta'
[0.485s] Level 1:colcon.colcon_core.package_identification:_identify(branchforge_enhanced_autogen/YQ6IUZR2IF) by extensions ['ros']
[0.485s] Level 1:colcon.colcon_core.package_identification:_identify(branchforge_enhanced_autogen/YQ6IUZR2IF) by extension 'ros'
[0.486s] Level 1:colcon.colcon_core.package_identification:_identify(branchforge_enhanced_autogen/YQ6IUZR2IF) by extensions ['cmake', 'python']
[0.486s] Level 1:colcon.colcon_core.package_identification:_identify(branchforge_enhanced_autogen/YQ6IUZR2IF) by extension 'cmake'
[0.486s] Level 1:colcon.colcon_core.package_identification:_identify(branchforge_enhanced_autogen/YQ6IUZR2IF) by extension 'python'
[0.486s] Level 1:colcon.colcon_core.package_identification:_identify(branchforge_enhanced_autogen/YQ6IUZR2IF) by extensions ['python_setup_py']
[0.486s] Level 1:colcon.colcon_core.package_identification:_identify(branchforge_enhanced_autogen/YQ6IUZR2IF) by extension 'python_setup_py'
[0.486s] Level 1:colcon.colcon_core.package_identification:_identify(branchforge_enhanced_autogen/include) by extensions ['ignore', 'ignore_ament_install']
[0.487s] Level 1:colcon.colcon_core.package_identification:_identify(branchforge_enhanced_autogen/include) by extension 'ignore'
[0.487s] Level 1:colcon.colcon_core.package_identification:_identify(branchforge_enhanced_autogen/include) by extension 'ignore_ament_install'
[0.487s] Level 1:colcon.colcon_core.package_identification:_identify(branchforge_enhanced_autogen/include) by extensions ['colcon_pkg']
[0.487s] Level 1:colcon.colcon_core.package_identification:_identify(branchforge_enhanced_autogen/include) by extension 'colcon_pkg'
[0.487s] Level 1:colcon.colcon_core.package_identification:_identify(branchforge_enhanced_autogen/include) by extensions ['colcon_meta']
[0.487s] Level 1:colcon.colcon_core.package_identification:_identify(branchforge_enhanced_autogen/include) by extension 'colcon_meta'
[0.488s] Level 1:colcon.colcon_core.package_identification:_identify(branchforge_enhanced_autogen/include) by extensions ['ros']
[0.488s] Level 1:colcon.colcon_core.package_identification:_identify(branchforge_enhanced_autogen/include) by extension 'ros'
[0.488s] Level 1:colcon.colcon_core.package_identification:_identify(branchforge_enhanced_autogen/include) by extensions ['cmake', 'python']
[0.488s] Level 1:colcon.colcon_core.package_identification:_identify(branchforge_enhanced_autogen/include) by extension 'cmake'
[0.488s] Level 1:colcon.colcon_core.package_identification:_identify(branchforge_enhanced_autogen/include) by extension 'python'
[0.488s] Level 1:colcon.colcon_core.package_identification:_identify(branchforge_enhanced_autogen/include) by extensions ['python_setup_py']
[0.488s] Level 1:colcon.colcon_core.package_identification:_identify(branchforge_enhanced_autogen/include) by extension 'python_setup_py'
[0.489s] Level 1:colcon.colcon_core.package_identification:_identify(build) by extensions ['ignore', 'ignore_ament_install']
[0.489s] Level 1:colcon.colcon_core.package_identification:_identify(build) by extension 'ignore'
[0.489s] Level 1:colcon.colcon_core.package_identification:_identify(build) ignored
[0.490s] Level 1:colcon.colcon_core.package_identification:_identify(install) by extensions ['ignore', 'ignore_ament_install']
[0.490s] Level 1:colcon.colcon_core.package_identification:_identify(install) by extension 'ignore'
[0.490s] Level 1:colcon.colcon_core.package_identification:_identify(install) ignored
[0.491s] Level 1:colcon.colcon_core.package_identification:_identify(log) by extensions ['ignore', 'ignore_ament_install']
[0.491s] Level 1:colcon.colcon_core.package_identification:_identify(log) by extension 'ignore'
[0.491s] Level 1:colcon.colcon_core.package_identification:_identify(log) ignored
[0.491s] Level 1:colcon.colcon_core.package_discovery:discover_packages(recursive) using defaults
[0.492s] Level 1:colcon.colcon_core.package_discovery:discover_packages(ignore) discover
[0.492s] Level 1:colcon.colcon_core.package_discovery:discover_packages(ignore) using defaults
[0.492s] Level 1:colcon.colcon_core.package_discovery:discover_packages(path) discover
[0.492s] Level 1:colcon.colcon_core.package_discovery:discover_packages(path) using defaults
[0.542s] Level 1:colcon.colcon_core.package_discovery:discover_packages(prefix_path) check parameters
[0.543s] Level 1:colcon.colcon_core.package_discovery:discover_packages(prefix_path) discover
[0.546s] Level 1:colcon.colcon_core.package_discovery:discover_packages(prefix_path) using defaults
[0.550s] INFO:colcon.colcon_core.executor:Executing jobs using 'parallel' executor
[0.551s] DEBUG:colcon.colcon_parallel_executor.executor.parallel:run_until_complete
[0.551s] DEBUG:colcon.colcon_parallel_executor.executor.parallel:closing loop
[0.552s] DEBUG:colcon.colcon_parallel_executor.executor.parallel:loop closed
[0.552s] DEBUG:colcon.colcon_parallel_executor.executor.parallel:run_until_complete finished with '0'
[0.552s] DEBUG:colcon.colcon_core.event_reactor:joining thread
[0.577s] INFO:colcon.colcon_core.plugin_system:Skipping extension 'colcon_notification.desktop_notification.terminal_notifier': Not used on non-Darwin systems
[0.578s] INFO:colcon.colcon_core.plugin_system:Skipping extension 'colcon_notification.desktop_notification.win32': Not used on non-Windows systems
[0.578s] INFO:colcon.colcon_notification.desktop_notification:Sending desktop notification using 'notify2'
[0.611s] DEBUG:colcon.colcon_core.event_reactor:joined thread
[0.627s] INFO:colcon.colcon_core.plugin_system:Skipping extension 'colcon_core.shell.bat': Not used on non-Windows systems
[0.627s] INFO:colcon.colcon_core.shell:Creating prefix script '/home/dingo/Programming/BranchForge/build/branchforge/install/local_setup.ps1'
[0.630s] INFO:colcon.colcon_core.shell:Creating prefix util module '/home/dingo/Programming/BranchForge/build/branchforge/install/_local_setup_util_ps1.py'
[0.632s] INFO:colcon.colcon_core.shell:Creating prefix chain script '/home/dingo/Programming/BranchForge/build/branchforge/install/setup.ps1'
[0.634s] INFO:colcon.colcon_core.shell:Creating prefix script '/home/dingo/Programming/BranchForge/build/branchforge/install/local_setup.sh'
[0.634s] INFO:colcon.colcon_core.shell:Creating prefix util module '/home/dingo/Programming/BranchForge/build/branchforge/install/_local_setup_util_sh.py'
[0.635s] INFO:colcon.colcon_core.shell:Creating prefix chain script '/home/dingo/Programming/BranchForge/build/branchforge/install/setup.sh'
[0.636s] INFO:colcon.colcon_core.shell:Creating prefix script '/home/dingo/Programming/BranchForge/build/branchforge/install/local_setup.bash'
[0.637s] INFO:colcon.colcon_core.shell:Creating prefix chain script '/home/dingo/Programming/BranchForge/build/branchforge/install/setup.bash'
[0.637s] INFO:colcon.colcon_core.shell:Creating prefix script '/home/dingo/Programming/BranchForge/build/branchforge/install/local_setup.zsh'
[0.638s] INFO:colcon.colcon_core.shell:Creating prefix chain script '/home/dingo/Programming/BranchForge/build/branchforge/install/setup.zsh'
