-- The CXX compiler identification is GNU 13.3.0
-- Detecting CXX compiler ABI info
-- Detecting CXX compiler ABI info - done
-- Check for working CXX compiler: /usr/bin/c++ - skipped
-- Detecting CXX compile features
-- Detecting CXX compile features - done
-- Performing Test CMAKE_HAVE_LIBC_PTHREAD
-- Performing Test CMAKE_HAVE_LIBC_PTHREAD - Success
-- Found Threads: TRUE  
-- Performing Test HAVE_STDATOMIC
-- Performing Test HAVE_STDATOMIC - Success
-- Found WrapAtomic: TRUE  
-- Found OpenGL: /usr/lib/x86_64-linux-gnu/libOpenGL.so   
-- Found WrapOpenGL: TRUE  
-- Found XKB: /usr/lib/x86_64-linux-gnu/libxkbcommon.so (found suitable version "1.6.0", minimum required is "0.5.0") 
-- Found WrapVulkanHeaders: /usr/include  
-- Configuring done (1.2s)
-- Generating done (0.0s)
-- Build files have been written to: /home/dingo/Programming/BranchForge/build/branchforge
[  7%] Running qmlimportscanner for branchforge_enhanced
qmldir file not found at "/usr/lib/x86_64-linux-gnu/qt6/qml/QtQml"
qmldir file not found at "/usr/lib/x86_64-linux-gnu/qt6/qml/QtQml"
qmldir file not found at "/usr/lib/x86_64-linux-gnu/qt6/qml/QtQml"
[  7%] Built target branchforge_enhanced_qmlimportscan
[  7%] Built target branchforge_enhanced_autogen_timestamp_deps
[ 14%] Automatic MOC and UIC for target branchforge_enhanced
[ 14%] Built target branchforge_enhanced_autogen
[ 21%] Building CXX object CMakeFiles/branchforge_enhanced.dir/src/ros2/ROS2Interface.cpp.o
[ 35%] Building CXX object CMakeFiles/branchforge_enhanced.dir/src/core/Application.cpp.o
[ 35%] Building CXX object CMakeFiles/branchforge_enhanced.dir/src/ui/MainWindow.cpp.o
[ 42%] Building CXX object CMakeFiles/branchforge_enhanced.dir/src/ros2/ROS2TopicBrowser.cpp.o
[ 50%] Building CXX object CMakeFiles/branchforge_enhanced.dir/src/monitoring/BTExecutionMonitor.cpp.o
[ 57%] Building CXX object CMakeFiles/branchforge_enhanced.dir/src/project/ProjectManager.cpp.o
[ 64%] Building CXX object CMakeFiles/branchforge_enhanced.dir/src/main.cpp.o
[ 78%] Building CXX object CMakeFiles/branchforge_enhanced.dir/src/recording/DataRecorder.cpp.o
[ 78%] Building CXX object CMakeFiles/branchforge_enhanced.dir/src/visualization/SensorDataPipeline.cpp.o
[ 85%] Building CXX object CMakeFiles/branchforge_enhanced.dir/branchforge_enhanced_autogen/mocs_compilation.cpp.o
[ 92%] Building CXX object CMakeFiles/branchforge_enhanced.dir/src/nodes/AdvancedNodeSystem.cpp.o
In file included from /home/dingo/Programming/BranchForge/src/nodes/AdvancedNodeSystem.cpp:1:
/home/dingo/Programming/BranchForge/include/nodes/AdvancedNodeSystem.h: In constructor ‘BranchForge::Nodes::AdvancedNodeInstance::AdvancedNodeInstance(const BranchForge::Nodes::AdvancedNodeTemplate&, QObject*)’:
/home/dingo/Programming/BranchForge/include/nodes/AdvancedNodeSystem.h:193:26: warning: ‘BranchForge::Nodes::AdvancedNodeInstance::m_template’ will be initialized after [-Wreorder]
  193 |     AdvancedNodeTemplate m_template;
      |                          ^~~~~~~~~~
/home/dingo/Programming/BranchForge/include/nodes/AdvancedNodeSystem.h:190:13: warning:   ‘QString BranchForge::Nodes::AdvancedNodeInstance::m_id’ [-Wreorder]
  190 |     QString m_id;
      |             ^~~~
/home/dingo/Programming/BranchForge/src/nodes/AdvancedNodeSystem.cpp:306:1: warning:   when initialized here [-Wreorder]
  306 | AdvancedNodeInstance::AdvancedNodeInstance(const AdvancedNodeTemplate& template_, QObject* parent)
      | ^~~~~~~~~~~~~~~~~~~~
[100%] Linking CXX executable branchforge_enhanced
[100%] Built target branchforge_enhanced
-- Install configuration: ""
-- Installing: /home/dingo/Programming/BranchForge/install/branchforge/bin/branchforge_enhanced
-- Set non-toolchain portion of runtime path of "/home/dingo/Programming/BranchForge/install/branchforge/bin/branchforge_enhanced" to "$ORIGIN:$ORIGIN/../lib"
