[0.020s] Invoking command in '/home/dingo/Programming/BranchForge/build/branchforge': DEBUGINFOD_URLS=https://debuginfod.ubuntu.com /usr/bin/cmake /home/dingo/Programming/BranchForge -DCMAKE_INSTALL_PREFIX=/home/dingo/Programming/BranchForge/install/branchforge
[0.153s] -- The CXX compiler identification is GNU 13.3.0
[0.192s] -- Detecting CXX compiler ABI info
[0.396s] -- Detecting CXX compiler ABI info - done
[0.415s] -- Check for working CXX compiler: /usr/bin/c++ - skipped
[0.416s] -- Detecting CXX compile features
[0.417s] -- Detecting CXX compile features - done
[0.431s] -- Performing Test CMAKE_HAVE_LIBC_PTHREAD
[0.643s] -- Performing Test CMAKE_HAVE_LIBC_PTHREAD - Success
[0.644s] -- Found Threads: TRUE  
[0.647s] -- Performing Test HAVE_STDATOMIC
[0.927s] -- Performing Test HAVE_STDATOMIC - Success
[0.929s] -- Found WrapAtomic: TRUE  
[0.987s] -- Found OpenGL: /usr/lib/x86_64-linux-gnu/libOpenGL.so   
[0.992s] -- Found WrapOpenGL: TRUE  
[1.068s] -- Found XKB: /usr/lib/x86_64-linux-gnu/libxkbcommon.so (found suitable version "1.6.0", minimum required is "0.5.0") 
[1.136s] -- Found WrapVulkanHeaders: /usr/include  
[1.258s] -- Configuring done (1.2s)
[1.290s] -- Generating done (0.0s)
[1.295s] -- Build files have been written to: /home/dingo/Programming/BranchForge/build/branchforge
[1.310s] Invoked command in '/home/dingo/Programming/BranchForge/build/branchforge' returned '0': DEBUGINFOD_URLS=https://debuginfod.ubuntu.com /usr/bin/cmake /home/dingo/Programming/BranchForge -DCMAKE_INSTALL_PREFIX=/home/dingo/Programming/BranchForge/install/branchforge
[1.313s] Invoking command in '/home/dingo/Programming/BranchForge/build/branchforge': DEBUGINFOD_URLS=https://debuginfod.ubuntu.com /usr/bin/cmake --build /home/dingo/Programming/BranchForge/build/branchforge -- -j12 -l12
[1.424s] [  7%] Running qmlimportscanner for branchforge_enhanced
[1.445s] qmldir file not found at "/usr/lib/x86_64-linux-gnu/qt6/qml/QtQml"
[1.480s] qmldir file not found at "/usr/lib/x86_64-linux-gnu/qt6/qml/QtQml"
[1.481s] qmldir file not found at "/usr/lib/x86_64-linux-gnu/qt6/qml/QtQml"
[1.522s] [  7%] Built target branchforge_enhanced_qmlimportscan
[1.569s] [  7%] Built target branchforge_enhanced_autogen_timestamp_deps
[1.611s] [ 14%] Automatic MOC and UIC for target branchforge_enhanced
[2.194s] [ 14%] Built target branchforge_enhanced_autogen
[2.225s] [ 21%] Building CXX object CMakeFiles/branchforge_enhanced.dir/src/ros2/ROS2Interface.cpp.o
[2.225s] [ 35%] Building CXX object CMakeFiles/branchforge_enhanced.dir/src/core/Application.cpp.o
[2.225s] [ 35%] Building CXX object CMakeFiles/branchforge_enhanced.dir/src/ui/MainWindow.cpp.o
[2.225s] [ 42%] Building CXX object CMakeFiles/branchforge_enhanced.dir/src/ros2/ROS2TopicBrowser.cpp.o
[2.225s] [ 50%] Building CXX object CMakeFiles/branchforge_enhanced.dir/src/monitoring/BTExecutionMonitor.cpp.o
[2.225s] [ 57%] Building CXX object CMakeFiles/branchforge_enhanced.dir/src/project/ProjectManager.cpp.o
[2.227s] [ 64%] Building CXX object CMakeFiles/branchforge_enhanced.dir/src/main.cpp.o
[2.229s] [ 78%] Building CXX object CMakeFiles/branchforge_enhanced.dir/src/recording/DataRecorder.cpp.o
[2.229s] [ 78%] Building CXX object CMakeFiles/branchforge_enhanced.dir/src/visualization/SensorDataPipeline.cpp.o
[2.230s] [ 85%] Building CXX object CMakeFiles/branchforge_enhanced.dir/branchforge_enhanced_autogen/mocs_compilation.cpp.o
[2.232s] [ 92%] Building CXX object CMakeFiles/branchforge_enhanced.dir/src/nodes/AdvancedNodeSystem.cpp.o
[7.296s] In file included from /home/dingo/Programming/BranchForge/src/nodes/AdvancedNodeSystem.cpp:1:
[7.296s] /home/dingo/Programming/BranchForge/include/nodes/AdvancedNodeSystem.h: In constructor ‘BranchForge::Nodes::AdvancedNodeInstance::AdvancedNodeInstance(const BranchForge::Nodes::AdvancedNodeTemplate&, QObject*)’:
[7.296s] /home/dingo/Programming/BranchForge/include/nodes/AdvancedNodeSystem.h:193:26: warning: ‘BranchForge::Nodes::AdvancedNodeInstance::m_template’ will be initialized after [-Wreorder]
[7.296s]   193 |     AdvancedNodeTemplate m_template;
[7.296s]       |                          ^~~~~~~~~~
[7.296s] /home/dingo/Programming/BranchForge/include/nodes/AdvancedNodeSystem.h:190:13: warning:   ‘QString BranchForge::Nodes::AdvancedNodeInstance::m_id’ [-Wreorder]
[7.297s]   190 |     QString m_id;
[7.297s]       |             ^~~~
[7.297s] /home/dingo/Programming/BranchForge/src/nodes/AdvancedNodeSystem.cpp:306:1: warning:   when initialized here [-Wreorder]
[7.297s]   306 | AdvancedNodeInstance::AdvancedNodeInstance(const AdvancedNodeTemplate& template_, QObject* parent)
[7.297s]       | ^~~~~~~~~~~~~~~~~~~~
[11.045s] [100%] Linking CXX executable branchforge_enhanced
[11.829s] [100%] Built target branchforge_enhanced
[11.847s] Invoked command in '/home/dingo/Programming/BranchForge/build/branchforge' returned '0': DEBUGINFOD_URLS=https://debuginfod.ubuntu.com /usr/bin/cmake --build /home/dingo/Programming/BranchForge/build/branchforge -- -j12 -l12
[11.862s] Invoking command in '/home/dingo/Programming/BranchForge/build/branchforge': DEBUGINFOD_URLS=https://debuginfod.ubuntu.com /usr/bin/cmake --install /home/dingo/Programming/BranchForge/build/branchforge
[11.874s] -- Install configuration: ""
[11.875s] -- Installing: /home/dingo/Programming/BranchForge/install/branchforge/bin/branchforge_enhanced
[11.877s] -- Set non-toolchain portion of runtime path of "/home/dingo/Programming/BranchForge/install/branchforge/bin/branchforge_enhanced" to "$ORIGIN:$ORIGIN/../lib"
[11.879s] Invoked command in '/home/dingo/Programming/BranchForge/build/branchforge' returned '0': DEBUGINFOD_URLS=https://debuginfod.ubuntu.com /usr/bin/cmake --install /home/dingo/Programming/BranchForge/build/branchforge
