In file included from /home/dingo/Programming/BranchForge/src/nodes/AdvancedNodeSystem.cpp:1:
/home/dingo/Programming/BranchForge/include/nodes/AdvancedNodeSystem.h: In constructor ‘BranchForge::Nodes::AdvancedNodeInstance::AdvancedNodeInstance(const BranchForge::Nodes::AdvancedNodeTemplate&, QObject*)’:
/home/dingo/Programming/BranchForge/include/nodes/AdvancedNodeSystem.h:193:26: warning: ‘BranchForge::Nodes::AdvancedNodeInstance::m_template’ will be initialized after [-Wreorder]
  193 |     AdvancedNodeTemplate m_template;
      |                          ^~~~~~~~~~
/home/dingo/Programming/BranchForge/include/nodes/AdvancedNodeSystem.h:190:13: warning:   ‘QString BranchForge::Nodes::AdvancedNodeInstance::m_id’ [-Wreorder]
  190 |     QString m_id;
      |             ^~~~
/home/dingo/Programming/BranchForge/src/nodes/AdvancedNodeSystem.cpp:306:1: warning:   when initialized here [-Wreorder]
  306 | AdvancedNodeInstance::AdvancedNodeInstance(const AdvancedNodeTemplate& template_, QObject* parent)
      | ^~~~~~~~~~~~~~~~~~~~
/usr/bin/ld: CMakeFiles/branchforge_enhanced.dir/branchforge_enhanced_autogen/mocs_compilation.cpp.o: in function `BranchForge::Nodes::ROS2ActionClientNode::qt_static_metacall(QObject*, QMetaObject::Call, int, void**)':
mocs_compilation.cpp:(.text+0x225f): undefined reference to `BranchForge::Nodes::ROS2ActionClientNode::onActionTimeout()'
/usr/bin/ld: mocs_compilation.cpp:(.text+0x2270): undefined reference to `BranchForge::Nodes::ROS2ActionClientNode::simulateActionProgress()'
/usr/bin/ld: CMakeFiles/branchforge_enhanced.dir/branchforge_enhanced_autogen/mocs_compilation.cpp.o: in function `BranchForge::Nodes::ROS2ServiceClientNode::qt_static_metacall(QObject*, QMetaObject::Call, int, void**)':
mocs_compilation.cpp:(.text+0x2870): undefined reference to `BranchForge::Nodes::ROS2ServiceClientNode::onServiceTimeout()'
/usr/bin/ld: mocs_compilation.cpp:(.text+0x2881): undefined reference to `BranchForge::Nodes::ROS2ServiceClientNode::simulateServiceCall()'
/usr/bin/ld: CMakeFiles/branchforge_enhanced.dir/branchforge_enhanced_autogen/mocs_compilation.cpp.o: in function `BranchForge::Recording::DataPlayer::qt_static_metacall(QObject*, QMetaObject::Call, int, void**)':
mocs_compilation.cpp:(.text+0x3605): undefined reference to `BranchForge::Recording::DataPlayer::processNextMessage()'
/usr/bin/ld: mocs_compilation.cpp:(.text+0x3616): undefined reference to `BranchForge::Recording::DataPlayer::updatePlaybackPosition()'
/usr/bin/ld: CMakeFiles/branchforge_enhanced.dir/branchforge_enhanced_autogen/mocs_compilation.cpp.o: in function `BranchForge::Visualization::SensorDataSynchronizer::qt_static_metacall(QObject*, QMetaObject::Call, int, void**)':
mocs_compilation.cpp:(.text+0x5919): undefined reference to `BranchForge::Visualization::SensorDataSynchronizer::processSynchronization()'
/usr/bin/ld: CMakeFiles/branchforge_enhanced.dir/branchforge_enhanced_autogen/mocs_compilation.cpp.o: in function `QtPrivate::QMetaTypeForType<BranchForge::Recording::DataPlayer>::getDefaultCtr()::{lambda(QtPrivate::QMetaTypeInterface const*, void*)#1}::operator()(QtPrivate::QMetaTypeInterface const*, void*) const':
mocs_compilation.cpp:(.text._ZZN9QtPrivate16QMetaTypeForTypeIN11BranchForge9Recording10DataPlayerEE13getDefaultCtrEvENKUlPKNS_18QMetaTypeInterfaceEPvE_clES7_S8_[_ZZN9QtPrivate16QMetaTypeForTypeIN11BranchForge9Recording10DataPlayerEE13getDefaultCtrEvENKUlPKNS_18QMetaTypeInterfaceEPvE_clES7_S8_]+0x42): undefined reference to `BranchForge::Recording::DataPlayer::DataPlayer(QObject*)'
/usr/bin/ld: CMakeFiles/branchforge_enhanced.dir/branchforge_enhanced_autogen/mocs_compilation.cpp.o: in function `QtPrivate::QMetaTypeForType<BranchForge::Recording::DataConverter>::getDefaultCtr()::{lambda(QtPrivate::QMetaTypeInterface const*, void*)#1}::operator()(QtPrivate::QMetaTypeInterface const*, void*) const':
mocs_compilation.cpp:(.text._ZZN9QtPrivate16QMetaTypeForTypeIN11BranchForge9Recording13DataConverterEE13getDefaultCtrEvENKUlPKNS_18QMetaTypeInterfaceEPvE_clES7_S8_[_ZZN9QtPrivate16QMetaTypeForTypeIN11BranchForge9Recording13DataConverterEE13getDefaultCtrEvENKUlPKNS_18QMetaTypeInterfaceEPvE_clES7_S8_]+0x42): undefined reference to `BranchForge::Recording::DataConverter::DataConverter(QObject*)'
/usr/bin/ld: CMakeFiles/branchforge_enhanced.dir/branchforge_enhanced_autogen/mocs_compilation.cpp.o: in function `QtPrivate::QMetaTypeForType<BranchForge::Recording::RecordingSessionManager>::getDefaultCtr()::{lambda(QtPrivate::QMetaTypeInterface const*, void*)#1}::operator()(QtPrivate::QMetaTypeInterface const*, void*) const':
mocs_compilation.cpp:(.text._ZZN9QtPrivate16QMetaTypeForTypeIN11BranchForge9Recording23RecordingSessionManagerEE13getDefaultCtrEvENKUlPKNS_18QMetaTypeInterfaceEPvE_clES7_S8_[_ZZN9QtPrivate16QMetaTypeForTypeIN11BranchForge9Recording23RecordingSessionManagerEE13getDefaultCtrEvENKUlPKNS_18QMetaTypeInterfaceEPvE_clES7_S8_]+0x42): undefined reference to `BranchForge::Recording::RecordingSessionManager::RecordingSessionManager(QObject*)'
/usr/bin/ld: CMakeFiles/branchforge_enhanced.dir/branchforge_enhanced_autogen/mocs_compilation.cpp.o: in function `QtPrivate::QMetaTypeForType<BranchForge::Visualization::SensorDataSynchronizer>::getDefaultCtr()::{lambda(QtPrivate::QMetaTypeInterface const*, void*)#1}::operator()(QtPrivate::QMetaTypeInterface const*, void*) const':
mocs_compilation.cpp:(.text._ZZN9QtPrivate16QMetaTypeForTypeIN11BranchForge13Visualization22SensorDataSynchronizerEE13getDefaultCtrEvENKUlPKNS_18QMetaTypeInterfaceEPvE_clES7_S8_[_ZZN9QtPrivate16QMetaTypeForTypeIN11BranchForge13Visualization22SensorDataSynchronizerEE13getDefaultCtrEvENKUlPKNS_18QMetaTypeInterfaceEPvE_clES7_S8_]+0x42): undefined reference to `BranchForge::Visualization::SensorDataSynchronizer::SensorDataSynchronizer(QObject*)'
/usr/bin/ld: CMakeFiles/branchforge_enhanced.dir/branchforge_enhanced_autogen/mocs_compilation.cpp.o:(.data.rel.ro._ZTVN11BranchForge13Visualization22SensorDataSynchronizerE[_ZTVN11BranchForge13Visualization22SensorDataSynchronizerE]+0x28): undefined reference to `BranchForge::Visualization::SensorDataSynchronizer::~SensorDataSynchronizer()'
/usr/bin/ld: CMakeFiles/branchforge_enhanced.dir/branchforge_enhanced_autogen/mocs_compilation.cpp.o:(.data.rel.ro._ZTVN11BranchForge13Visualization22SensorDataSynchronizerE[_ZTVN11BranchForge13Visualization22SensorDataSynchronizerE]+0x30): undefined reference to `BranchForge::Visualization::SensorDataSynchronizer::~SensorDataSynchronizer()'
/usr/bin/ld: CMakeFiles/branchforge_enhanced.dir/branchforge_enhanced_autogen/mocs_compilation.cpp.o:(.data.rel.ro._ZTVN11BranchForge9Recording23RecordingSessionManagerE[_ZTVN11BranchForge9Recording23RecordingSessionManagerE]+0x28): undefined reference to `BranchForge::Recording::RecordingSessionManager::~RecordingSessionManager()'
/usr/bin/ld: CMakeFiles/branchforge_enhanced.dir/branchforge_enhanced_autogen/mocs_compilation.cpp.o:(.data.rel.ro._ZTVN11BranchForge9Recording23RecordingSessionManagerE[_ZTVN11BranchForge9Recording23RecordingSessionManagerE]+0x30): undefined reference to `BranchForge::Recording::RecordingSessionManager::~RecordingSessionManager()'
/usr/bin/ld: CMakeFiles/branchforge_enhanced.dir/branchforge_enhanced_autogen/mocs_compilation.cpp.o:(.data.rel.ro._ZTVN11BranchForge9Recording13DataConverterE[_ZTVN11BranchForge9Recording13DataConverterE]+0x28): undefined reference to `BranchForge::Recording::DataConverter::~DataConverter()'
/usr/bin/ld: CMakeFiles/branchforge_enhanced.dir/branchforge_enhanced_autogen/mocs_compilation.cpp.o:(.data.rel.ro._ZTVN11BranchForge9Recording13DataConverterE[_ZTVN11BranchForge9Recording13DataConverterE]+0x30): undefined reference to `BranchForge::Recording::DataConverter::~DataConverter()'
/usr/bin/ld: CMakeFiles/branchforge_enhanced.dir/branchforge_enhanced_autogen/mocs_compilation.cpp.o:(.data.rel.ro._ZTVN11BranchForge9Recording10DataPlayerE[_ZTVN11BranchForge9Recording10DataPlayerE]+0x28): undefined reference to `BranchForge::Recording::DataPlayer::~DataPlayer()'
/usr/bin/ld: CMakeFiles/branchforge_enhanced.dir/branchforge_enhanced_autogen/mocs_compilation.cpp.o:(.data.rel.ro._ZTVN11BranchForge9Recording10DataPlayerE[_ZTVN11BranchForge9Recording10DataPlayerE]+0x30): undefined reference to `BranchForge::Recording::DataPlayer::~DataPlayer()'
/usr/bin/ld: CMakeFiles/branchforge_enhanced.dir/branchforge_enhanced_autogen/mocs_compilation.cpp.o:(.data.rel.ro._ZTVN11BranchForge5Nodes21ROS2ServiceClientNodeE[_ZTVN11BranchForge5Nodes21ROS2ServiceClientNodeE]+0x28): undefined reference to `BranchForge::Nodes::ROS2ServiceClientNode::~ROS2ServiceClientNode()'
/usr/bin/ld: CMakeFiles/branchforge_enhanced.dir/branchforge_enhanced_autogen/mocs_compilation.cpp.o:(.data.rel.ro._ZTVN11BranchForge5Nodes21ROS2ServiceClientNodeE[_ZTVN11BranchForge5Nodes21ROS2ServiceClientNodeE]+0x30): undefined reference to `BranchForge::Nodes::ROS2ServiceClientNode::~ROS2ServiceClientNode()'
/usr/bin/ld: CMakeFiles/branchforge_enhanced.dir/branchforge_enhanced_autogen/mocs_compilation.cpp.o:(.data.rel.ro._ZTVN11BranchForge5Nodes20ROS2ActionClientNodeE[_ZTVN11BranchForge5Nodes20ROS2ActionClientNodeE]+0x28): undefined reference to `BranchForge::Nodes::ROS2ActionClientNode::~ROS2ActionClientNode()'
/usr/bin/ld: CMakeFiles/branchforge_enhanced.dir/branchforge_enhanced_autogen/mocs_compilation.cpp.o:(.data.rel.ro._ZTVN11BranchForge5Nodes20ROS2ActionClientNodeE[_ZTVN11BranchForge5Nodes20ROS2ActionClientNodeE]+0x30): undefined reference to `BranchForge::Nodes::ROS2ActionClientNode::~ROS2ActionClientNode()'
collect2: error: ld returned 1 exit status
gmake[2]: *** [CMakeFiles/branchforge_enhanced.dir/build.make:183: branchforge_enhanced] Error 1
gmake[1]: *** [CMakeFiles/Makefile2:86: CMakeFiles/branchforge_enhanced.dir/all] Error 2
gmake: *** [Makefile:136: all] Error 2
