[0.017s] Invoking command in '/home/dingo/Programming/BranchForge/build/branchforge': DEBUGINFOD_URLS=https://debuginfod.ubuntu.com /usr/bin/cmake /home/dingo/Programming/BranchForge -DCMAKE_INSTALL_PREFIX=/home/dingo/Programming/BranchForge/install/branchforge
[0.286s] CMake Error at CMakeLists.txt:10 (find_package):
[0.287s]   By not providing "Findament_cmake.cmake" in CMAKE_MODULE_PATH this project
[0.287s]   has asked CMake to find a package configuration file provided by
[0.287s]   "ament_cmake", but CMake did not find one.
[0.287s] 
[0.287s]   Could not find a package configuration file provided by "ament_cmake" with
[0.287s]   any of the following names:
[0.287s] 
[0.287s]     ament_cmakeConfig.cmake
[0.287s]     ament_cmake-config.cmake
[0.288s] 
[0.288s]   Add the installation prefix of "ament_cmake" to CMAKE_PREFIX_PATH or set
[0.288s]   "ament_cmake_DIR" to a directory containing one of the above files.  If
[0.288s]   "ament_cmake" provides a separate development package or SDK, be sure it
[0.288s]   has been installed.
[0.288s] 
[0.288s] 
[0.288s] -- Configuring incomplete, errors occurred!
[0.295s] Invoked command in '/home/dingo/Programming/BranchForge/build/branchforge' returned '1': DEBUGINFOD_URLS=https://debuginfod.ubuntu.com /usr/bin/cmake /home/dingo/Programming/BranchForge -DCMAKE_INSTALL_PREFIX=/home/dingo/Programming/BranchForge/install/branchforge
