[0.336s] DEBUG:colcon:Command line arguments: ['/usr/bin/colcon', 'build']
[0.336s] DEBUG:colcon:Parsed command line arguments: Namespace(log_base=None, log_level=None, verb_name='build', build_base='build', install_base='install', merge_install=False, symlink_install=False, test_result_base=None, continue_on_error=False, executor='parallel', parallel_workers=12, event_handlers=None, ignore_user_meta=False, metas=['./colcon.meta'], base_paths=['.'], packages_ignore=None, packages_ignore_regex=None, paths=None, packages_up_to=None, packages_up_to_regex=None, packages_above=None, packages_above_and_dependencies=None, packages_above_depth=None, packages_select_by_dep=None, packages_skip_by_dep=None, packages_skip_up_to=None, packages_select_build_failed=False, packages_skip_build_finished=False, packages_select_test_failures=False, packages_skip_test_passed=False, packages_select=None, packages_skip=None, packages_select_regex=None, packages_skip_regex=None, packages_start=None, packages_end=None, allow_overriding=[], cmake_args=None, cmake_target=None, cmake_target_skip_unavailable=False, cmake_clean_cache=False, cmake_clean_first=False, cmake_force_configure=False, ament_cmake_args=None, catkin_cmake_args=None, catkin_skip_building_tests=False, mixin_files=None, mixin=None, verb_parser=<colcon_mixin.mixin.mixin_argument.MixinArgumentDecorator object at 0x7107e4e94950>, verb_extension=<colcon_core.verb.build.BuildVerb object at 0x7107e57dbce0>, main=<bound method BuildVerb.main of <colcon_core.verb.build.BuildVerb object at 0x7107e57dbce0>>, mixin_verb=('build',))
[0.422s] Level 1:colcon.colcon_core.package_discovery:discover_packages(colcon_meta) check parameters
[0.423s] Level 1:colcon.colcon_core.package_discovery:discover_packages(recursive) check parameters
[0.423s] Level 1:colcon.colcon_core.package_discovery:discover_packages(ignore) check parameters
[0.423s] Level 1:colcon.colcon_core.package_discovery:discover_packages(path) check parameters
[0.423s] Level 1:colcon.colcon_core.package_discovery:discover_packages(colcon_meta) discover
[0.423s] Level 1:colcon.colcon_core.package_discovery:discover_packages(recursive) discover
[0.423s] INFO:colcon.colcon_core.package_discovery:Crawling recursively for packages in '/home/dingo/Programming/BranchForge'
[0.424s] Level 1:colcon.colcon_core.package_identification:_identify(.) by extensions ['ignore', 'ignore_ament_install']
[0.424s] Level 1:colcon.colcon_core.package_identification:_identify(.) by extension 'ignore'
[0.424s] Level 1:colcon.colcon_core.package_identification:_identify(.) by extension 'ignore_ament_install'
[0.425s] Level 1:colcon.colcon_core.package_identification:_identify(.) by extensions ['colcon_pkg']
[0.425s] Level 1:colcon.colcon_core.package_identification:_identify(.) by extension 'colcon_pkg'
[0.425s] Level 1:colcon.colcon_core.package_identification:_identify(.) by extensions ['colcon_meta']
[0.425s] Level 1:colcon.colcon_core.package_identification:_identify(.) by extension 'colcon_meta'
[0.425s] Level 1:colcon.colcon_core.package_identification:_identify(.) by extensions ['ros']
[0.425s] Level 1:colcon.colcon_core.package_identification:_identify(.) by extension 'ros'
[0.478s] DEBUG:colcon.colcon_core.package_identification:Package '.' with type 'ros.ament_cmake' and name 'branchforge'
[0.478s] Level 1:colcon.colcon_core.package_discovery:discover_packages(recursive) using defaults
[0.478s] Level 1:colcon.colcon_core.package_discovery:discover_packages(ignore) discover
[0.478s] Level 1:colcon.colcon_core.package_discovery:discover_packages(ignore) using defaults
[0.478s] Level 1:colcon.colcon_core.package_discovery:discover_packages(path) discover
[0.478s] Level 1:colcon.colcon_core.package_discovery:discover_packages(path) using defaults
[0.512s] Level 1:colcon.colcon_core.package_discovery:discover_packages(prefix_path) check parameters
[0.512s] Level 1:colcon.colcon_core.package_discovery:discover_packages(prefix_path) discover
[0.516s] Level 1:colcon.colcon_core.package_discovery:discover_packages(prefix_path) using defaults
[0.520s] Level 5:colcon.colcon_core.verb:set package 'branchforge' build argument 'cmake_args' from command line to 'None'
[0.520s] Level 5:colcon.colcon_core.verb:set package 'branchforge' build argument 'cmake_target' from command line to 'None'
[0.520s] Level 5:colcon.colcon_core.verb:set package 'branchforge' build argument 'cmake_target_skip_unavailable' from command line to 'False'
[0.520s] Level 5:colcon.colcon_core.verb:set package 'branchforge' build argument 'cmake_clean_cache' from command line to 'False'
[0.520s] Level 5:colcon.colcon_core.verb:set package 'branchforge' build argument 'cmake_clean_first' from command line to 'False'
[0.520s] Level 5:colcon.colcon_core.verb:set package 'branchforge' build argument 'cmake_force_configure' from command line to 'False'
[0.520s] Level 5:colcon.colcon_core.verb:set package 'branchforge' build argument 'ament_cmake_args' from command line to 'None'
[0.520s] Level 5:colcon.colcon_core.verb:set package 'branchforge' build argument 'catkin_cmake_args' from command line to 'None'
[0.520s] Level 5:colcon.colcon_core.verb:set package 'branchforge' build argument 'catkin_skip_building_tests' from command line to 'False'
[0.520s] DEBUG:colcon.colcon_core.verb:Building package 'branchforge' with the following arguments: {'ament_cmake_args': None, 'build_base': '/home/dingo/Programming/BranchForge/build/branchforge', 'catkin_cmake_args': None, 'catkin_skip_building_tests': False, 'cmake_args': None, 'cmake_clean_cache': False, 'cmake_clean_first': False, 'cmake_force_configure': False, 'cmake_target': None, 'cmake_target_skip_unavailable': False, 'install_base': '/home/dingo/Programming/BranchForge/install/branchforge', 'merge_install': False, 'path': '/home/dingo/Programming/BranchForge', 'symlink_install': False, 'test_result_base': None}
[0.521s] INFO:colcon.colcon_core.executor:Executing jobs using 'parallel' executor
[0.522s] DEBUG:colcon.colcon_parallel_executor.executor.parallel:run_until_complete
[0.523s] INFO:colcon.colcon_ros.task.ament_cmake.build:Building ROS package in '/home/dingo/Programming/BranchForge' with build type 'ament_cmake'
[0.523s] INFO:colcon.colcon_cmake.task.cmake.build:Building CMake package in '/home/dingo/Programming/BranchForge'
[0.534s] INFO:colcon.colcon_core.plugin_system:Skipping extension 'colcon_core.shell.bat': Not used on non-Windows systems
[0.534s] INFO:colcon.colcon_core.shell:Skip shell extension 'powershell' for command environment: Not usable outside of PowerShell
[0.534s] DEBUG:colcon.colcon_core.shell:Skip shell extension 'dsv' for command environment
[0.545s] DEBUG:colcon.colcon_core.event_handler.log_command:Invoking command in '/home/dingo/Programming/BranchForge/build/branchforge': DEBUGINFOD_URLS=https://debuginfod.ubuntu.com /usr/bin/cmake --build /home/dingo/Programming/BranchForge/build/branchforge -- -j12 -l12
[0.944s] DEBUG:colcon.colcon_core.event_handler.log_command:Invoked command in '/home/dingo/Programming/BranchForge/build/branchforge' returned '0': DEBUGINFOD_URLS=https://debuginfod.ubuntu.com /usr/bin/cmake --build /home/dingo/Programming/BranchForge/build/branchforge -- -j12 -l12
[0.961s] DEBUG:colcon.colcon_core.event_handler.log_command:Invoking command in '/home/dingo/Programming/BranchForge/build/branchforge': DEBUGINFOD_URLS=https://debuginfod.ubuntu.com /usr/bin/cmake --install /home/dingo/Programming/BranchForge/build/branchforge
[0.980s] Level 1:colcon.colcon_core.environment:create_environment_scripts_only(branchforge)
[0.984s] DEBUG:colcon.colcon_core.event_handler.log_command:Invoked command in '/home/dingo/Programming/BranchForge/build/branchforge' returned '0': DEBUGINFOD_URLS=https://debuginfod.ubuntu.com /usr/bin/cmake --install /home/dingo/Programming/BranchForge/build/branchforge
[0.997s] Level 1:colcon.colcon_core.environment:checking '/home/dingo/Programming/BranchForge/install/branchforge' for CMake module files
[0.998s] Level 1:colcon.colcon_core.environment:checking '/home/dingo/Programming/BranchForge/install/branchforge' for CMake config files
[0.999s] Level 1:colcon.colcon_core.environment:checking '/home/dingo/Programming/BranchForge/install/branchforge/bin'
[1.000s] Level 1:colcon.colcon_core.shell:create_environment_hook('branchforge', 'path')
[1.000s] INFO:colcon.colcon_core.shell:Creating environment hook '/home/dingo/Programming/BranchForge/install/branchforge/share/branchforge/hook/path.ps1'
[1.002s] INFO:colcon.colcon_core.shell:Creating environment descriptor '/home/dingo/Programming/BranchForge/install/branchforge/share/branchforge/hook/path.dsv'
[1.003s] INFO:colcon.colcon_core.shell:Creating environment hook '/home/dingo/Programming/BranchForge/install/branchforge/share/branchforge/hook/path.sh'
[1.004s] Level 1:colcon.colcon_core.environment:checking '/home/dingo/Programming/BranchForge/install/branchforge/lib/pkgconfig/branchforge.pc'
[1.007s] Level 1:colcon.colcon_core.environment:checking '/home/dingo/Programming/BranchForge/install/branchforge/lib/python3.12/site-packages'
[1.008s] Level 1:colcon.colcon_core.environment:checking '/home/dingo/Programming/BranchForge/install/branchforge/bin'
[1.008s] Level 1:colcon.colcon_core.shell:create_environment_hook('branchforge', 'pythonscriptspath')
[1.008s] INFO:colcon.colcon_core.shell:Creating environment hook '/home/dingo/Programming/BranchForge/install/branchforge/share/branchforge/hook/pythonscriptspath.ps1'
[1.010s] INFO:colcon.colcon_core.shell:Creating environment descriptor '/home/dingo/Programming/BranchForge/install/branchforge/share/branchforge/hook/pythonscriptspath.dsv'
[1.011s] INFO:colcon.colcon_core.shell:Creating environment hook '/home/dingo/Programming/BranchForge/install/branchforge/share/branchforge/hook/pythonscriptspath.sh'
[1.012s] INFO:colcon.colcon_core.shell:Creating package script '/home/dingo/Programming/BranchForge/install/branchforge/share/branchforge/package.ps1'
[1.013s] INFO:colcon.colcon_core.shell:Creating package descriptor '/home/dingo/Programming/BranchForge/install/branchforge/share/branchforge/package.dsv'
[1.014s] INFO:colcon.colcon_core.shell:Creating package script '/home/dingo/Programming/BranchForge/install/branchforge/share/branchforge/package.sh'
[1.015s] INFO:colcon.colcon_core.shell:Creating package script '/home/dingo/Programming/BranchForge/install/branchforge/share/branchforge/package.bash'
[1.016s] INFO:colcon.colcon_core.shell:Creating package script '/home/dingo/Programming/BranchForge/install/branchforge/share/branchforge/package.zsh'
[1.017s] Level 1:colcon.colcon_core.environment:create_file_with_runtime_dependencies(/home/dingo/Programming/BranchForge/install/branchforge/share/colcon-core/packages/branchforge)
[1.018s] Level 1:colcon.colcon_core.environment:create_environment_scripts_only(branchforge)
[1.018s] Level 1:colcon.colcon_core.environment:checking '/home/dingo/Programming/BranchForge/install/branchforge' for CMake module files
[1.019s] Level 1:colcon.colcon_core.environment:checking '/home/dingo/Programming/BranchForge/install/branchforge' for CMake config files
[1.019s] Level 1:colcon.colcon_core.environment:checking '/home/dingo/Programming/BranchForge/install/branchforge/bin'
[1.019s] Level 1:colcon.colcon_core.shell:create_environment_hook('branchforge', 'path')
[1.020s] INFO:colcon.colcon_core.shell:Creating environment hook '/home/dingo/Programming/BranchForge/install/branchforge/share/branchforge/hook/path.ps1'
[1.020s] INFO:colcon.colcon_core.shell:Creating environment descriptor '/home/dingo/Programming/BranchForge/install/branchforge/share/branchforge/hook/path.dsv'
[1.021s] INFO:colcon.colcon_core.shell:Creating environment hook '/home/dingo/Programming/BranchForge/install/branchforge/share/branchforge/hook/path.sh'
[1.022s] Level 1:colcon.colcon_core.environment:checking '/home/dingo/Programming/BranchForge/install/branchforge/lib/pkgconfig/branchforge.pc'
[1.022s] Level 1:colcon.colcon_core.environment:checking '/home/dingo/Programming/BranchForge/install/branchforge/lib/python3.12/site-packages'
[1.023s] Level 1:colcon.colcon_core.environment:checking '/home/dingo/Programming/BranchForge/install/branchforge/bin'
[1.023s] Level 1:colcon.colcon_core.shell:create_environment_hook('branchforge', 'pythonscriptspath')
[1.023s] INFO:colcon.colcon_core.shell:Creating environment hook '/home/dingo/Programming/BranchForge/install/branchforge/share/branchforge/hook/pythonscriptspath.ps1'
[1.024s] INFO:colcon.colcon_core.shell:Creating environment descriptor '/home/dingo/Programming/BranchForge/install/branchforge/share/branchforge/hook/pythonscriptspath.dsv'
[1.025s] INFO:colcon.colcon_core.shell:Creating environment hook '/home/dingo/Programming/BranchForge/install/branchforge/share/branchforge/hook/pythonscriptspath.sh'
[1.026s] INFO:colcon.colcon_core.shell:Creating package script '/home/dingo/Programming/BranchForge/install/branchforge/share/branchforge/package.ps1'
[1.026s] INFO:colcon.colcon_core.shell:Creating package descriptor '/home/dingo/Programming/BranchForge/install/branchforge/share/branchforge/package.dsv'
[1.027s] INFO:colcon.colcon_core.shell:Creating package script '/home/dingo/Programming/BranchForge/install/branchforge/share/branchforge/package.sh'
[1.027s] INFO:colcon.colcon_core.shell:Creating package script '/home/dingo/Programming/BranchForge/install/branchforge/share/branchforge/package.bash'
[1.028s] INFO:colcon.colcon_core.shell:Creating package script '/home/dingo/Programming/BranchForge/install/branchforge/share/branchforge/package.zsh'
[1.028s] Level 1:colcon.colcon_core.environment:create_file_with_runtime_dependencies(/home/dingo/Programming/BranchForge/install/branchforge/share/colcon-core/packages/branchforge)
[1.029s] DEBUG:colcon.colcon_parallel_executor.executor.parallel:closing loop
[1.029s] DEBUG:colcon.colcon_parallel_executor.executor.parallel:loop closed
[1.029s] DEBUG:colcon.colcon_parallel_executor.executor.parallel:run_until_complete finished with '0'
[1.029s] DEBUG:colcon.colcon_core.event_reactor:joining thread
[1.042s] INFO:colcon.colcon_core.plugin_system:Skipping extension 'colcon_notification.desktop_notification.terminal_notifier': Not used on non-Darwin systems
[1.042s] INFO:colcon.colcon_core.plugin_system:Skipping extension 'colcon_notification.desktop_notification.win32': Not used on non-Windows systems
[1.042s] INFO:colcon.colcon_notification.desktop_notification:Sending desktop notification using 'notify2'
[1.087s] DEBUG:colcon.colcon_core.event_reactor:joined thread
[1.088s] INFO:colcon.colcon_core.shell:Creating prefix script '/home/dingo/Programming/BranchForge/install/local_setup.ps1'
[1.091s] INFO:colcon.colcon_core.shell:Creating prefix util module '/home/dingo/Programming/BranchForge/install/_local_setup_util_ps1.py'
[1.095s] INFO:colcon.colcon_core.shell:Creating prefix chain script '/home/dingo/Programming/BranchForge/install/setup.ps1'
[1.097s] INFO:colcon.colcon_core.shell:Creating prefix script '/home/dingo/Programming/BranchForge/install/local_setup.sh'
[1.100s] INFO:colcon.colcon_core.shell:Creating prefix util module '/home/dingo/Programming/BranchForge/install/_local_setup_util_sh.py'
[1.103s] INFO:colcon.colcon_core.shell:Creating prefix chain script '/home/dingo/Programming/BranchForge/install/setup.sh'
[1.107s] INFO:colcon.colcon_core.shell:Creating prefix script '/home/dingo/Programming/BranchForge/install/local_setup.bash'
[1.111s] INFO:colcon.colcon_core.shell:Creating prefix chain script '/home/dingo/Programming/BranchForge/install/setup.bash'
[1.113s] INFO:colcon.colcon_core.shell:Creating prefix script '/home/dingo/Programming/BranchForge/install/local_setup.zsh'
[1.115s] INFO:colcon.colcon_core.shell:Creating prefix chain script '/home/dingo/Programming/BranchForge/install/setup.zsh'
