[0.013s] Invoking command in '/home/dingo/Programming/BranchForge/build/branchforge': DEBUGINFOD_URLS=https://debuginfod.ubuntu.com /usr/bin/cmake --build /home/dingo/Programming/BranchForge/build/branchforge -- -j12 -l12
[0.132s] -- Configuring done (0.1s)
[0.146s] -- Generating done (0.0s)
[0.149s] -- Build files have been written to: /home/dingo/Programming/BranchForge/build/branchforge
[0.181s] [  7%] Running qmlimportscanner for branchforge_enhanced
[0.192s] qmldir file not found at "/usr/lib/x86_64-linux-gnu/qt6/qml/QtQml"
[0.227s] qmldir file not found at "/usr/lib/x86_64-linux-gnu/qt6/qml/QtQml"
[0.227s] qmldir file not found at "/usr/lib/x86_64-linux-gnu/qt6/qml/QtQml"
[0.247s] [  7%] Built target branchforge_enhanced_qmlimportscan
[0.280s] [  7%] Built target branchforge_enhanced_autogen_timestamp_deps
[0.316s] [ 14%] Automatic MOC and UIC for target branchforge_enhanced
[0.716s] [ 14%] Built target branchforge_enhanced_autogen
[0.750s] [ 21%] Building CXX object CMakeFiles/branchforge_enhanced.dir/src/core/Application.cpp.o
[0.751s] [ 35%] Building CXX object CMakeFiles/branchforge_enhanced.dir/src/ros2/ROS2TopicBrowser.cpp.o
[0.751s] [ 35%] Building CXX object CMakeFiles/branchforge_enhanced.dir/src/main.cpp.o
[0.751s] [ 42%] Building CXX object CMakeFiles/branchforge_enhanced.dir/src/ui/MainWindow.cpp.o
[0.751s] [ 57%] Building CXX object CMakeFiles/branchforge_enhanced.dir/branchforge_enhanced_autogen/mocs_compilation.cpp.o
[0.751s] [ 57%] Building CXX object CMakeFiles/branchforge_enhanced.dir/src/ros2/ROS2Interface.cpp.o
[0.754s] [ 78%] Building CXX object CMakeFiles/branchforge_enhanced.dir/src/project/ProjectManager.cpp.o
[0.754s] [ 78%] Building CXX object CMakeFiles/branchforge_enhanced.dir/src/recording/DataRecorder.cpp.o
[0.754s] [ 78%] Building CXX object CMakeFiles/branchforge_enhanced.dir/src/monitoring/BTExecutionMonitor.cpp.o
[0.754s] [ 85%] Building CXX object CMakeFiles/branchforge_enhanced.dir/src/visualization/SensorDataPipeline.cpp.o
[0.756s] [ 92%] Building CXX object CMakeFiles/branchforge_enhanced.dir/src/nodes/AdvancedNodeSystem.cpp.o
[3.596s] In file included from /home/dingo/Programming/BranchForge/src/nodes/AdvancedNodeSystem.cpp:1:
[3.597s] /home/dingo/Programming/BranchForge/include/nodes/AdvancedNodeSystem.h: In constructor ‘BranchForge::Nodes::AdvancedNodeInstance::AdvancedNodeInstance(const BranchForge::Nodes::AdvancedNodeTemplate&, QObject*)’:
[3.597s] /home/dingo/Programming/BranchForge/include/nodes/AdvancedNodeSystem.h:193:26: warning: ‘BranchForge::Nodes::AdvancedNodeInstance::m_template’ will be initialized after [-Wreorder]
[3.597s]   193 |     AdvancedNodeTemplate m_template;
[3.597s]       |                          ^~~~~~~~~~
[3.597s] /home/dingo/Programming/BranchForge/include/nodes/AdvancedNodeSystem.h:190:13: warning:   ‘QString BranchForge::Nodes::AdvancedNodeInstance::m_id’ [-Wreorder]
[3.597s]   190 |     QString m_id;
[3.597s]       |             ^~~~
[3.598s] /home/dingo/Programming/BranchForge/src/nodes/AdvancedNodeSystem.cpp:306:1: warning:   when initialized here [-Wreorder]
[3.598s]   306 | AdvancedNodeInstance::AdvancedNodeInstance(const AdvancedNodeTemplate& template_, QObject* parent)
[3.598s]       | ^~~~~~~~~~~~~~~~~~~~
[5.150s] /home/dingo/Programming/BranchForge/src/ros2/ROS2TopicBrowser.cpp: In lambda function:
[5.151s] /home/dingo/Programming/BranchForge/src/ros2/ROS2TopicBrowser.cpp:283:34: error: invalid use of incomplete type ‘class QClipboard’
[5.151s]   283 |         QApplication::clipboard()->setText(topicName);
[5.152s]       |                                  ^~
[5.152s] In file included from /usr/include/x86_64-linux-gnu/qt6/QtWidgets/qwidget.h:8,
[5.152s]                  from /usr/include/x86_64-linux-gnu/qt6/QtWidgets/QWidget:1,
[5.152s]                  from /home/dingo/Programming/BranchForge/include/ros2/ROS2TopicBrowser.h:3,
[5.152s]                  from /home/dingo/Programming/BranchForge/src/ros2/ROS2TopicBrowser.cpp:1:
[5.152s] /usr/include/x86_64-linux-gnu/qt6/QtGui/qwindowdefs.h:42:7: note: forward declaration of ‘class QClipboard’
[5.152s]    42 | class QClipboard;
[5.152s]       |       ^~~~~~~~~~
[6.905s] gmake[2]: *** [CMakeFiles/branchforge_enhanced.dir/build.make:146: CMakeFiles/branchforge_enhanced.dir/src/ros2/ROS2TopicBrowser.cpp.o] Error 1
[6.905s] gmake[2]: *** Waiting for unfinished jobs....
[8.135s] gmake[1]: *** [CMakeFiles/Makefile2:88: CMakeFiles/branchforge_enhanced.dir/all] Error 2
[8.136s] gmake: *** [Makefile:136: all] Error 2
[8.147s] Invoked command in '/home/dingo/Programming/BranchForge/build/branchforge' returned '2': DEBUGINFOD_URLS=https://debuginfod.ubuntu.com /usr/bin/cmake --build /home/dingo/Programming/BranchForge/build/branchforge -- -j12 -l12
